2021-07-16 12:20:51 -  - exec CUpdateClientPartner::SearchModulesEx
2021-07-16 12:20:51 -  - exec CUpdateClientPartner::__CollectRequestData
2021-07-16 12:20:51 -  - utf=Y&lang=ru&stable=Y&CANGZIP=Y&SUPD_DBS=MYSQL&XE=N&CLIENT_SITE=predgorie&LICENSE_KEY=X&SUPD_STS=1&SUPD_URS=0&SUPD_URSA=1&TYPENC=D&CLIENT_PHPVER=7.1.33&NGINX=Y&dbv=8.0.24&instm=main%2C20.200.300%2CY%3Bb24connector%2C20.5.0%2CN%3Bbitrix.sitecorporate%2C15.5.0%2CN%3Bbitrixcloud%2C20.5.0%2CN%3Bclouds%2C20.100.0%2CN%3Bfileman%2C20.5.0%2CN%3Bhighloadblock%2C20.100.0%2CN%3Biblock%2C20.0.1150%2CN%3Blanding%2C20.4.850%2CN%3Bmessageservice%2C20.100.0%2CN%3Bperfmon%2C20.100.0%2CN%3Brest%2C20.50.150%2CN%3Bsearch%2C20.5.0%2CN%3Bseo%2C20.0.400%2CN%3Bsocialservices%2C20.0.500%2CN%3Btranslate%2C20.100.0%2CN%3Bui%2C20.5.887%2CN&search_module_id=&search_module=&search_category=7%2C14&search_type=&search_order=DESC&search_order_by=SORT&search_page=1&SUPD_SRS=RU&SUPD_CMP=N
2021-07-16 12:20:51 -  - exec CUpdateClientPartner::GetHTTPPage
2021-07-16 12:20:53 -  - TIME SearchModulesEx(request) 1.396 sec
2021-07-16 12:20:53 -  - exec CUpdateClientPartner::ParseServerData
2021-07-16 12:21:05 -  - exec CUpdateClientPartner::LoadModulesUpdates
2021-07-16 12:21:05 -  - exec CUpdateClientPartner::__CollectRequestData
2021-07-16 12:21:05 -  - utf=Y&lang=ru&stable=Y&CANGZIP=Y&SUPD_DBS=MYSQL&XE=N&CLIENT_SITE=predgorie&LICENSE_KEY=X&SUPD_STS=1&SUPD_URS=0&SUPD_URSA=1&TYPENC=D&CLIENT_PHPVER=7.1.33&NGINX=Y&dbv=8.0.24&instm=main%2C20.200.300%2CY%3Bb24connector%2C20.5.0%2CN%3Bbitrix.sitecorporate%2C15.5.0%2CN%3Bbitrixcloud%2C20.5.0%2CN%3Bclouds%2C20.100.0%2CN%3Bfileman%2C20.5.0%2CN%3Bhighloadblock%2C20.100.0%2CN%3Biblock%2C20.0.1150%2CN%3Blanding%2C20.4.850%2CN%3Bmessageservice%2C20.100.0%2CN%3Bperfmon%2C20.100.0%2CN%3Brest%2C20.50.150%2CN%3Bsearch%2C20.5.0%2CN%3Bseo%2C20.0.400%2CN%3Bsocialservices%2C20.0.500%2CN%3Btranslate%2C20.100.0%2CN%3Bui%2C20.5.887%2CN&reqm=nsandrey.emptyinstall&lim=Y&SUPD_SRS=RU&SUPD_CMP=N
2021-07-16 12:21:05 -  - exec CUpdateClientPartner::GetHTTPPage
2021-07-16 12:21:06 -  - TIME LoadModulesUpdates(request) 0.296 sec
2021-07-16 12:21:06 -  - exec CUpdateClientPartner::ParseServerData
2021-07-16 12:21:06 - S - STEP
2021-07-16 12:21:06 - LM4W01 - loadModule4Wizard-Step
2021-07-16 12:21:06 -  - exec CUpdateClientPartner::LoadModulesUpdates
2021-07-16 12:21:06 -  - exec CUpdateClientPartner::ParseServerData
2021-07-16 12:21:06 -  - loadFile
2021-07-16 12:21:06 - U - RETURN
2021-07-16 12:21:06 -  - exec CUpdateClientPartner::UnGzipArchive
2021-07-16 12:21:07 -  - TIME UnGzipArchive 0.479 sec
2021-07-16 12:21:07 -  - TIME UpdateStepModules 0.23 sec
2021-07-16 12:21:07 -  - exec CUpdateClientPartner::LoadModulesUpdates
2021-07-16 12:21:07 -  - exec CUpdateClientPartner::__CollectRequestData
2021-07-16 12:21:08 -  - utf=Y&lang=ru&stable=Y&CANGZIP=Y&SUPD_DBS=MYSQL&XE=N&CLIENT_SITE=predgorie&LICENSE_KEY=X&SUPD_STS=1&SUPD_URS=0&SUPD_URSA=1&TYPENC=D&CLIENT_PHPVER=7.1.33&NGINX=Y&dbv=8.0.24&instm=main%2C20.200.300%2CY%3Bb24connector%2C20.5.0%2CN%3Bbitrix.sitecorporate%2C15.5.0%2CN%3Bbitrixcloud%2C20.5.0%2CN%3Bclouds%2C20.100.0%2CN%3Bfileman%2C20.5.0%2CN%3Bhighloadblock%2C20.100.0%2CN%3Biblock%2C20.0.1150%2CN%3Blanding%2C20.4.850%2CN%3Bmessageservice%2C20.100.0%2CN%3Bnsandrey.emptyinstall%2C1.0.5%2CN%3Bperfmon%2C20.100.0%2CN%3Brest%2C20.50.150%2CN%3Bsearch%2C20.5.0%2CN%3Bseo%2C20.0.400%2CN%3Bsocialservices%2C20.0.500%2CN%3Btranslate%2C20.100.0%2CN%3Bui%2C20.5.887%2CN&reqm=nsandrey.emptyinstall&lim=Y&SUPD_SRS=RU&SUPD_CMP=N
2021-07-16 12:21:08 -  - exec CUpdateClientPartner::GetHTTPPage
2021-07-16 12:21:08 -  - TIME LoadModulesUpdates(request) 0.314 sec
2021-07-16 12:21:08 -  - exec CUpdateClientPartner::ParseServerData
2021-07-16 12:21:08 - STEP - Finish - NOUPDATES
2021-07-16 12:21:08 - LM4W03 - Finish - NOUPDATES
2021-07-16 12:22:03 -  - exec CUpdateClientPartner::__CollectRequestData
2021-07-16 12:22:03 -  - exec CUpdateClientPartner::GetHTTPPage
2021-07-16 12:22:03 -  - exec CUpdateClientPartner::ParseServerData
2021-07-16 12:22:03 -  - exec CUpdateClientPartner::GetUpdatesList
2021-07-16 12:22:03 -  - exec CUpdateClientPartner::__CollectRequestData
2021-07-16 12:22:03 -  - utf=Y&lang=ru&stable=Y&CANGZIP=Y&SUPD_DBS=MYSQL&XE=N&CLIENT_SITE=predgorie&LICENSE_KEY=X&SUPD_STS=1&SUPD_URS=0&SUPD_URSA=1&TYPENC=D&CLIENT_PHPVER=7.1.33&NGINX=Y&dbv=8.0.24&instm=main%2C20.200.300%2CY%3Bb24connector%2C20.5.0%2CN%3Bbitrix.sitecorporate%2C15.5.0%2CN%3Bbitrixcloud%2C20.5.0%2CN%3Bclouds%2C20.100.0%2CN%3Bfileman%2C20.5.0%2CN%3Bhighloadblock%2C20.100.0%2CN%3Biblock%2C20.0.1150%2CN%3Blanding%2C20.4.850%2CN%3Bmessageservice%2C20.100.0%2CN%3Bnsandrey.emptyinstall%2C1.0.5%2CN%3Bperfmon%2C20.100.0%2CN%3Brest%2C20.50.150%2CN%3Bsearch%2C20.5.0%2CN%3Bseo%2C20.0.400%2CN%3Bsocialservices%2C20.0.500%2CN%3Btranslate%2C20.100.0%2CN%3Bui%2C20.5.887%2CN&reqm=bitrix.sitecorporate%2Cnsandrey.emptyinstall&fullmoduleinfo=Y&SUPD_SRS=RU&SUPD_CMP=N
2021-07-16 12:22:03 -  - exec CUpdateClientPartner::GetHTTPPage
2021-07-16 12:22:04 -  - TIME GetUpdatesList(request) 0.274 sec
2021-07-16 12:22:04 -  - exec CUpdateClientPartner::ParseServerData
2021-07-16 12:22:04 -  - exec CUpdateClientPartner::__CollectRequestData
2021-07-16 12:22:04 -  - exec CUpdateClientPartner::GetHTTPPage
2021-07-16 12:22:04 -  - exec CUpdateClientPartner::ParseServerData
2021-07-19 09:19:14 -  - exec CUpdateClientPartner::__CollectRequestData
2021-07-19 09:19:14 -  - exec CUpdateClientPartner::GetHTTPPage
2021-07-19 09:19:15 -  - exec CUpdateClientPartner::ParseServerData
2021-07-19 09:19:15 -  - exec CUpdateClientPartner::GetUpdatesList
2021-07-19 09:19:15 -  - exec CUpdateClientPartner::__CollectRequestData
2021-07-19 09:19:15 -  - utf=Y&lang=ru&stable=Y&CANGZIP=Y&SUPD_DBS=MYSQL&XE=N&CLIENT_SITE=predgorie&LICENSE_KEY=X&SUPD_STS=1&SUPD_URS=0&SUPD_URSA=1&TYPENC=D&CLIENT_PHPVER=7.1.33&NGINX=Y&dbv=8.0.24&instm=main%2C20.200.300%2CY%3Bb24connector%2C20.5.0%2CN%3Bbitrix.sitecorporate%2C15.5.0%2CN%3Bbitrixcloud%2C20.5.0%2CN%3Bclouds%2C20.100.0%2CN%3Bfileman%2C20.5.0%2CN%3Bhighloadblock%2C20.100.0%2CN%3Biblock%2C20.0.1150%2CN%3Blanding%2C20.4.850%2CN%3Bmessageservice%2C20.100.0%2CN%3Bnsandrey.emptyinstall%2C1.0.5%2CN%3Bperfmon%2C20.100.0%2CN%3Brest%2C20.50.150%2CN%3Bsearch%2C20.5.0%2CN%3Bseo%2C20.0.400%2CN%3Bsocialservices%2C20.0.500%2CN%3Btranslate%2C20.100.0%2CN%3Bui%2C20.5.887%2CN&reqm=bitrix.sitecorporate%2Cnsandrey.emptyinstall&fullmoduleinfo=Y&SUPD_SRS=RU&SUPD_CMP=N
2021-07-19 09:19:15 -  - exec CUpdateClientPartner::GetHTTPPage
2021-07-19 09:19:15 -  - TIME GetUpdatesList(request) 0.287 sec
2021-07-19 09:19:15 -  - exec CUpdateClientPartner::ParseServerData
2021-07-19 09:19:15 -  - exec CUpdateClientPartner::__CollectRequestData
2021-07-19 09:19:15 -  - exec CUpdateClientPartner::GetHTTPPage
2021-07-19 09:19:16 -  - exec CUpdateClientPartner::ParseServerData
2021-07-20 10:54:43 -  - exec CUpdateClientPartner::__CollectRequestData
2021-07-20 10:54:43 -  - exec CUpdateClientPartner::GetHTTPPage
2021-07-20 10:54:44 -  - exec CUpdateClientPartner::ParseServerData
2021-07-20 10:54:44 -  - exec CUpdateClientPartner::GetUpdatesList
2021-07-20 10:54:44 -  - exec CUpdateClientPartner::__CollectRequestData
2021-07-20 10:54:44 -  - utf=Y&lang=ru&stable=Y&CANGZIP=Y&SUPD_DBS=MYSQL&XE=N&CLIENT_SITE=predgorie&LICENSE_KEY=X&SUPD_STS=1&SUPD_URS=0&SUPD_URSA=1&TYPENC=D&CLIENT_PHPVER=7.1.33&NGINX=Y&dbv=8.0.24&instm=main%2C20.200.300%2CY%3Bb24connector%2C20.5.0%2CN%3Bbitrix.sitecorporate%2C15.5.0%2CN%3Bbitrixcloud%2C20.5.0%2CN%3Bclouds%2C20.100.0%2CN%3Bfileman%2C20.5.0%2CN%3Bhighloadblock%2C20.100.0%2CN%3Biblock%2C20.0.1150%2CN%3Blanding%2C20.4.850%2CN%3Bmessageservice%2C20.100.0%2CN%3Bnsandrey.emptyinstall%2C1.0.5%2CN%3Bperfmon%2C20.100.0%2CN%3Brest%2C20.50.150%2CN%3Bsearch%2C20.5.0%2CN%3Bseo%2C20.0.400%2CN%3Bsocialservices%2C20.0.500%2CN%3Btranslate%2C20.100.0%2CN%3Bui%2C20.5.887%2CN&reqm=bitrix.sitecorporate%2Cnsandrey.emptyinstall&fullmoduleinfo=Y&SUPD_SRS=RU&SUPD_CMP=N
2021-07-20 10:54:44 -  - exec CUpdateClientPartner::GetHTTPPage
2021-07-20 10:54:44 -  - TIME GetUpdatesList(request) 0.305 sec
2021-07-20 10:54:44 -  - exec CUpdateClientPartner::ParseServerData
2021-07-20 10:54:44 -  - exec CUpdateClientPartner::__CollectRequestData
2021-07-20 10:54:44 -  - exec CUpdateClientPartner::GetHTTPPage
2021-07-20 10:54:45 -  - exec CUpdateClientPartner::ParseServerData
2021-07-21 11:08:24 -  - exec CUpdateClientPartner::__CollectRequestData
2021-07-21 11:08:25 -  - exec CUpdateClientPartner::GetHTTPPage
2021-07-21 11:08:26 -  - exec CUpdateClientPartner::ParseServerData
2021-07-21 11:08:26 -  - exec CUpdateClientPartner::GetUpdatesList
2021-07-21 11:08:26 -  - exec CUpdateClientPartner::__CollectRequestData
2021-07-21 11:08:26 -  - utf=Y&lang=ru&stable=Y&CANGZIP=Y&SUPD_DBS=MYSQL&XE=N&CLIENT_SITE=predgorie&LICENSE_KEY=X&SUPD_STS=1&SUPD_URS=0&SUPD_URSA=1&TYPENC=D&CLIENT_PHPVER=7.1.33&NGINX=Y&dbv=8.0.24&instm=main%2C20.200.300%2CY%3Bb24connector%2C20.5.0%2CN%3Bbitrix.sitecorporate%2C15.5.0%2CN%3Bbitrixcloud%2C20.5.0%2CN%3Bclouds%2C20.100.0%2CN%3Bfileman%2C20.5.0%2CN%3Bhighloadblock%2C20.100.0%2CN%3Biblock%2C20.0.1150%2CN%3Blanding%2C20.4.850%2CN%3Bmessageservice%2C20.100.0%2CN%3Bnsandrey.emptyinstall%2C1.0.5%2CN%3Bperfmon%2C20.100.0%2CN%3Brest%2C20.50.150%2CN%3Bsearch%2C20.5.0%2CN%3Bseo%2C20.0.400%2CN%3Bsocialservices%2C20.0.500%2CN%3Btranslate%2C20.100.0%2CN%3Bui%2C20.5.887%2CN&reqm=bitrix.sitecorporate%2Cnsandrey.emptyinstall&fullmoduleinfo=Y&SUPD_SRS=RU&SUPD_CMP=N
2021-07-21 11:08:26 -  - exec CUpdateClientPartner::GetHTTPPage
2021-07-21 11:08:27 -  - TIME GetUpdatesList(request) 0.318 sec
2021-07-21 11:08:27 -  - exec CUpdateClientPartner::ParseServerData
2021-07-21 11:08:27 -  - exec CUpdateClientPartner::__CollectRequestData
2021-07-21 11:08:27 -  - exec CUpdateClientPartner::GetHTTPPage
2021-07-21 11:08:27 -  - exec CUpdateClientPartner::ParseServerData
2021-07-22 12:16:41 -  - exec CUpdateClientPartner::__CollectRequestData
2021-07-22 12:16:41 -  - exec CUpdateClientPartner::GetHTTPPage
2021-07-22 12:16:42 -  - exec CUpdateClientPartner::ParseServerData
2021-07-22 12:16:42 -  - exec CUpdateClientPartner::GetUpdatesList
2021-07-22 12:16:42 -  - exec CUpdateClientPartner::__CollectRequestData
2021-07-22 12:16:42 -  - utf=Y&lang=ru&stable=Y&CANGZIP=Y&SUPD_DBS=MYSQL&XE=N&CLIENT_SITE=predgorie&LICENSE_KEY=X&SUPD_STS=1&SUPD_URS=0&SUPD_URSA=1&TYPENC=D&CLIENT_PHPVER=7.1.33&NGINX=Y&dbv=8.0.24&instm=main%2C20.200.300%2CY%3Bb24connector%2C20.5.0%2CN%3Bbitrix.sitecorporate%2C15.5.0%2CN%3Bbitrixcloud%2C20.5.0%2CN%3Bclouds%2C20.100.0%2CN%3Bfileman%2C20.5.0%2CN%3Bhighloadblock%2C20.100.0%2CN%3Biblock%2C20.0.1150%2CN%3Blanding%2C20.4.850%2CN%3Bmessageservice%2C20.100.0%2CN%3Bnsandrey.emptyinstall%2C1.0.5%2CN%3Bperfmon%2C20.100.0%2CN%3Brest%2C20.50.150%2CN%3Bsearch%2C20.5.0%2CN%3Bseo%2C20.0.400%2CN%3Bsocialservices%2C20.0.500%2CN%3Btranslate%2C20.100.0%2CN%3Bui%2C20.5.887%2CN&reqm=bitrix.sitecorporate%2Cnsandrey.emptyinstall&fullmoduleinfo=Y&SUPD_SRS=RU&SUPD_CMP=N
2021-07-22 12:16:42 -  - exec CUpdateClientPartner::GetHTTPPage
2021-07-22 12:16:42 -  - TIME GetUpdatesList(request) 0.295 sec
2021-07-22 12:16:42 -  - exec CUpdateClientPartner::ParseServerData
2021-07-22 12:16:42 -  - exec CUpdateClientPartner::__CollectRequestData
2021-07-22 12:16:42 -  - exec CUpdateClientPartner::GetHTTPPage
2021-07-22 12:16:43 -  - exec CUpdateClientPartner::ParseServerData
2021-07-26 10:50:42 -  - exec CUpdateClientPartner::__CollectRequestData
2021-07-26 10:50:42 -  - exec CUpdateClientPartner::GetHTTPPage
2021-07-26 10:50:43 -  - exec CUpdateClientPartner::ParseServerData
2021-07-26 10:50:43 -  - exec CUpdateClientPartner::GetUpdatesList
2021-07-26 10:50:43 -  - exec CUpdateClientPartner::__CollectRequestData
2021-07-26 10:50:43 -  - utf=Y&lang=ru&stable=Y&CANGZIP=Y&SUPD_DBS=MYSQL&XE=N&CLIENT_SITE=predgorie.trifanovdmi.myjino.ru&LICENSE_KEY=X&SUPD_STS=1&SUPD_URS=0&SUPD_URSA=1&TYPENC=D&CLIENT_PHPVER=7.4.21&NGINX=Y&dbv=10.1.40&instm=main%2C20.200.300%2CY%3Bbitrixcloud%2C20.5.0%2CN%3Bseo%2C20.0.400%2CN%3Blanding%2C20.4.850%2CN%3Bclouds%2C20.100.0%2CN%3Btranslate%2C20.100.0%2CN%3Bmessageservice%2C20.100.0%2CN%3Bnsandrey.emptyinstall%2C1.0.5%2CN%3Bfileman%2C20.5.0%2CN%3Bbitrix.sitecorporate%2C15.5.0%2CN%3Biblock%2C20.0.1150%2CN%3Bhighloadblock%2C20.100.0%2CN%3Bsocialservices%2C20.0.500%2CN%3Bb24connector%2C20.5.0%2CN%3Bsearch%2C20.5.0%2CN%3Brest%2C20.50.150%2CN%3Bperfmon%2C20.100.0%2CN%3Bui%2C20.5.887%2CN&reqm=nsandrey.emptyinstall%2Cbitrix.sitecorporate&fullmoduleinfo=Y&SUPD_SRS=RU&SUPD_CMP=N
2021-07-26 10:50:43 -  - exec CUpdateClientPartner::GetHTTPPage
2021-07-26 10:50:43 -  - TIME GetUpdatesList(request) 0.209 sec
2021-07-26 10:50:43 -  - exec CUpdateClientPartner::ParseServerData
2021-07-26 10:50:43 -  - exec CUpdateClientPartner::__CollectRequestData
2021-07-26 10:50:43 -  - exec CUpdateClientPartner::GetHTTPPage
2021-07-26 10:50:43 -  - exec CUpdateClientPartner::ParseServerData
2021-07-28 07:40:29 -  - exec CUpdateClientPartner::__CollectRequestData
2021-07-28 07:40:30 -  - exec CUpdateClientPartner::GetHTTPPage
2021-07-28 07:40:30 -  - exec CUpdateClientPartner::ParseServerData
2021-07-28 07:40:30 -  - exec CUpdateClientPartner::GetUpdatesList
2021-07-28 07:40:30 -  - exec CUpdateClientPartner::__CollectRequestData
2021-07-28 07:40:30 -  - utf=Y&lang=ru&stable=Y&CANGZIP=Y&SUPD_DBS=MYSQL&XE=N&CLIENT_SITE=predgorie.trifanovdmi.myjino.ru&LICENSE_KEY=X&SUPD_STS=1&SUPD_URS=0&SUPD_URSA=1&TYPENC=D&CLIENT_PHPVER=7.4.21&NGINX=Y&dbv=10.1.40&instm=main%2C20.200.300%2CY%3Bbitrixcloud%2C20.5.0%2CN%3Bseo%2C20.0.400%2CN%3Blanding%2C20.4.850%2CN%3Bclouds%2C20.100.0%2CN%3Btranslate%2C20.100.0%2CN%3Bmessageservice%2C20.100.0%2CN%3Bnsandrey.emptyinstall%2C1.0.5%2CN%3Bfileman%2C20.5.0%2CN%3Bbitrix.sitecorporate%2C15.5.0%2CN%3Biblock%2C20.0.1150%2CN%3Bhighloadblock%2C20.100.0%2CN%3Bsocialservices%2C20.0.500%2CN%3Bb24connector%2C20.5.0%2CN%3Bsearch%2C20.5.0%2CN%3Brest%2C20.50.150%2CN%3Bperfmon%2C20.100.0%2CN%3Bui%2C20.5.887%2CN&reqm=nsandrey.emptyinstall%2Cbitrix.sitecorporate&fullmoduleinfo=Y&SUPD_SRS=RU&SUPD_CMP=N
2021-07-28 07:40:30 -  - exec CUpdateClientPartner::GetHTTPPage
2021-07-28 07:40:30 -  - TIME GetUpdatesList(request) 0.278 sec
2021-07-28 07:40:30 -  - exec CUpdateClientPartner::ParseServerData
2021-07-28 07:40:30 -  - exec CUpdateClientPartner::__CollectRequestData
2021-07-28 07:40:30 -  - exec CUpdateClientPartner::GetHTTPPage
2021-07-28 07:40:30 -  - exec CUpdateClientPartner::ParseServerData
2021-07-29 08:35:08 -  - exec CUpdateClientPartner::__CollectRequestData
2021-07-29 08:35:08 -  - exec CUpdateClientPartner::GetHTTPPage
2021-07-29 08:35:08 -  - exec CUpdateClientPartner::ParseServerData
2021-07-29 08:35:08 -  - exec CUpdateClientPartner::GetUpdatesList
2021-07-29 08:35:08 -  - exec CUpdateClientPartner::__CollectRequestData
2021-07-29 08:35:08 -  - utf=Y&lang=ru&stable=Y&CANGZIP=Y&SUPD_DBS=MYSQL&XE=N&CLIENT_SITE=predgorie.trifanovdmi.myjino.ru&LICENSE_KEY=X&SUPD_STS=1&SUPD_URS=0&SUPD_URSA=1&TYPENC=D&CLIENT_PHPVER=7.4.21&NGINX=Y&dbv=10.1.40&instm=main%2C20.200.300%2CY%3Bbitrixcloud%2C20.5.0%2CN%3Bseo%2C20.0.400%2CN%3Blanding%2C20.4.850%2CN%3Bclouds%2C20.100.0%2CN%3Btranslate%2C20.100.0%2CN%3Bmessageservice%2C20.100.0%2CN%3Bnsandrey.emptyinstall%2C1.0.5%2CN%3Bfileman%2C20.5.0%2CN%3Bbitrix.sitecorporate%2C15.5.0%2CN%3Biblock%2C20.0.1150%2CN%3Bhighloadblock%2C20.100.0%2CN%3Bsocialservices%2C20.0.500%2CN%3Bb24connector%2C20.5.0%2CN%3Bsearch%2C20.5.0%2CN%3Brest%2C20.50.150%2CN%3Bperfmon%2C20.100.0%2CN%3Bui%2C20.5.887%2CN&reqm=nsandrey.emptyinstall%2Cbitrix.sitecorporate&fullmoduleinfo=Y&SUPD_SRS=RU&SUPD_CMP=N
2021-07-29 08:35:08 -  - exec CUpdateClientPartner::GetHTTPPage
2021-07-29 08:35:08 -  - TIME GetUpdatesList(request) 0.293 sec
2021-07-29 08:35:08 -  - exec CUpdateClientPartner::ParseServerData
2021-07-29 08:35:08 -  - exec CUpdateClientPartner::__CollectRequestData
2021-07-29 08:35:08 -  - exec CUpdateClientPartner::GetHTTPPage
2021-07-29 08:35:09 -  - exec CUpdateClientPartner::ParseServerData
2021-07-30 13:34:53 -  - exec CUpdateClientPartner::__CollectRequestData
2021-07-30 13:34:53 -  - exec CUpdateClientPartner::GetHTTPPage
2021-07-30 13:34:53 -  - exec CUpdateClientPartner::ParseServerData
2021-07-30 13:34:53 -  - exec CUpdateClientPartner::GetUpdatesList
2021-07-30 13:34:53 -  - exec CUpdateClientPartner::__CollectRequestData
2021-07-30 13:34:53 -  - utf=Y&lang=ru&stable=Y&CANGZIP=Y&SUPD_DBS=MYSQL&XE=N&CLIENT_SITE=predgorie.trifanovdmi.myjino.ru&LICENSE_KEY=X&SUPD_STS=1&SUPD_URS=0&SUPD_URSA=1&TYPENC=D&CLIENT_PHPVER=7.4.21&NGINX=Y&dbv=10.1.40&instm=main%2C20.200.300%2CY%3Bbitrixcloud%2C20.5.0%2CN%3Bseo%2C20.0.400%2CN%3Blanding%2C20.4.850%2CN%3Bclouds%2C20.100.0%2CN%3Btranslate%2C20.100.0%2CN%3Bmessageservice%2C20.100.0%2CN%3Bnsandrey.emptyinstall%2C1.0.5%2CN%3Bfileman%2C20.5.0%2CN%3Bbitrix.sitecorporate%2C15.5.0%2CN%3Biblock%2C20.0.1150%2CN%3Bhighloadblock%2C20.100.0%2CN%3Bsocialservices%2C20.0.500%2CN%3Bb24connector%2C20.5.0%2CN%3Bsearch%2C20.5.0%2CN%3Brest%2C20.50.150%2CN%3Bperfmon%2C20.100.0%2CN%3Bui%2C20.5.887%2CN&reqm=nsandrey.emptyinstall%2Cbitrix.sitecorporate&fullmoduleinfo=Y&SUPD_SRS=RU&SUPD_CMP=N
2021-07-30 13:34:53 -  - exec CUpdateClientPartner::GetHTTPPage
2021-07-30 13:34:53 -  - TIME GetUpdatesList(request) 0.264 sec
2021-07-30 13:34:53 -  - exec CUpdateClientPartner::ParseServerData
2021-07-30 13:34:53 -  - exec CUpdateClientPartner::__CollectRequestData
2021-07-30 13:34:53 -  - exec CUpdateClientPartner::GetHTTPPage
2021-07-30 13:34:54 -  - exec CUpdateClientPartner::ParseServerData
2021-08-01 16:12:01 -  - exec CUpdateClientPartner::__CollectRequestData
2021-08-01 16:12:01 -  - exec CUpdateClientPartner::GetHTTPPage
2021-08-01 16:12:02 -  - exec CUpdateClientPartner::ParseServerData
2021-08-01 16:12:02 -  - exec CUpdateClientPartner::GetUpdatesList
2021-08-01 16:12:02 -  - exec CUpdateClientPartner::__CollectRequestData
2021-08-01 16:12:02 -  - utf=Y&lang=ru&stable=Y&CANGZIP=Y&SUPD_DBS=MYSQL&XE=N&CLIENT_SITE=predgorie.trifanovdmi.myjino.ru&LICENSE_KEY=X&SUPD_STS=1&SUPD_URS=0&SUPD_URSA=1&TYPENC=D&CLIENT_PHPVER=7.4.21&NGINX=Y&dbv=10.1.40&instm=main%2C20.200.300%2CY%3Bbitrixcloud%2C20.5.0%2CN%3Bseo%2C20.0.400%2CN%3Blanding%2C20.4.850%2CN%3Bclouds%2C20.100.0%2CN%3Btranslate%2C20.100.0%2CN%3Bmessageservice%2C20.100.0%2CN%3Bnsandrey.emptyinstall%2C1.0.5%2CN%3Bfileman%2C20.5.0%2CN%3Bbitrix.sitecorporate%2C15.5.0%2CN%3Biblock%2C20.0.1150%2CN%3Bhighloadblock%2C20.100.0%2CN%3Bsocialservices%2C20.0.500%2CN%3Bb24connector%2C20.5.0%2CN%3Bsearch%2C20.5.0%2CN%3Brest%2C20.50.150%2CN%3Bperfmon%2C20.100.0%2CN%3Bui%2C20.5.887%2CN&reqm=nsandrey.emptyinstall%2Cbitrix.sitecorporate&fullmoduleinfo=Y&SUPD_SRS=RU&SUPD_CMP=N
2021-08-01 16:12:02 -  - exec CUpdateClientPartner::GetHTTPPage
2021-08-01 16:12:02 -  - TIME GetUpdatesList(request) 0.27 sec
2021-08-01 16:12:02 -  - exec CUpdateClientPartner::ParseServerData
2021-08-01 16:12:02 -  - exec CUpdateClientPartner::__CollectRequestData
2021-08-01 16:12:02 -  - exec CUpdateClientPartner::GetHTTPPage
2021-08-01 16:12:02 -  - exec CUpdateClientPartner::ParseServerData
2021-08-02 09:02:48 -  - exec CUpdateClientPartner::GetUpdatesList
2021-08-02 09:02:48 -  - exec CUpdateClientPartner::__CollectRequestData
2021-08-02 09:02:48 -  - utf=Y&lang=ru&stable=Y&CANGZIP=Y&SUPD_DBS=MYSQL&XE=N&CLIENT_SITE=predgorie.trifanovdmi.myjino.ru&LICENSE_KEY=X&SUPD_STS=1&SUPD_URS=0&SUPD_URSA=1&TYPENC=D&CLIENT_PHPVER=7.4.21&NGINX=Y&dbv=10.1.40&instm=main%2C20.200.300%2CY%3Bbitrixcloud%2C20.5.0%2CN%3Bseo%2C20.0.400%2CN%3Blanding%2C20.4.850%2CN%3Bclouds%2C20.100.0%2CN%3Btranslate%2C20.100.0%2CN%3Bmessageservice%2C20.100.0%2CN%3Bnsandrey.emptyinstall%2C1.0.5%2CN%3Bfileman%2C20.5.0%2CN%3Bbitrix.sitecorporate%2C15.5.0%2CN%3Biblock%2C20.0.1150%2CN%3Bhighloadblock%2C20.100.0%2CN%3Bsocialservices%2C20.0.500%2CN%3Bb24connector%2C20.5.0%2CN%3Bsearch%2C20.5.0%2CN%3Brest%2C20.50.150%2CN%3Bperfmon%2C20.100.0%2CN%3Bui%2C20.5.887%2CN&reqm=nsandrey.emptyinstall%2Cbitrix.sitecorporate%2Caltasib.feedback&SUPD_SRS=RU&SUPD_CMP=N
2021-08-02 09:02:48 -  - exec CUpdateClientPartner::GetHTTPPage
2021-08-02 09:02:48 -  - TIME GetUpdatesList(request) 0.444 sec
2021-08-02 09:02:48 -  - exec CUpdateClientPartner::ParseServerData
2021-08-02 09:03:59 -  - exec CUpdateClientPartner::LoadModulesUpdates
2021-08-02 09:03:59 -  - exec CUpdateClientPartner::__CollectRequestData
2021-08-02 09:03:59 -  - utf=Y&lang=ru&stable=Y&CANGZIP=Y&SUPD_DBS=MYSQL&XE=N&CLIENT_SITE=predgorie.trifanovdmi.myjino.ru&LICENSE_KEY=X&SUPD_STS=1&SUPD_URS=0&SUPD_URSA=1&TYPENC=D&CLIENT_PHPVER=7.4.21&NGINX=Y&dbv=10.1.40&instm=main%2C20.200.300%2CY%3Bbitrixcloud%2C20.5.0%2CN%3Bseo%2C20.0.400%2CN%3Blanding%2C20.4.850%2CN%3Bclouds%2C20.100.0%2CN%3Btranslate%2C20.100.0%2CN%3Bmessageservice%2C20.100.0%2CN%3Bnsandrey.emptyinstall%2C1.0.5%2CN%3Bfileman%2C20.5.0%2CN%3Bbitrix.sitecorporate%2C15.5.0%2CN%3Biblock%2C20.0.1150%2CN%3Bhighloadblock%2C20.100.0%2CN%3Bsocialservices%2C20.0.500%2CN%3Bb24connector%2C20.5.0%2CN%3Bsearch%2C20.5.0%2CN%3Brest%2C20.50.150%2CN%3Bperfmon%2C20.100.0%2CN%3Bui%2C20.5.887%2CN&reqm=altasib.feedback&lim=Y&SUPD_SRS=RU&SUPD_CMP=N
2021-08-02 09:03:59 -  - exec CUpdateClientPartner::GetHTTPPage
2021-08-02 09:04:00 -  - TIME LoadModulesUpdates(request) 0.279 sec
2021-08-02 09:04:00 -  - exec CUpdateClientPartner::ParseServerData
2021-08-02 09:04:00 - S - STEP
2021-08-02 09:04:00 - LMU01 - LoadModulesUpdates-Step
2021-08-02 09:04:00 -  - exec CUpdateClientPartner::LoadModulesUpdates
2021-08-02 09:04:00 -  - exec CUpdateClientPartner::ParseServerData
2021-08-02 09:04:00 -  - loadFile
2021-08-02 09:04:00 - U - RETURN
2021-08-02 09:04:00 -  - exec CUpdateClientPartner::UnGzipArchive
2021-08-02 09:04:00 -  - TIME UnGzipArchive 0.014 sec
2021-08-02 09:04:00 -  - TIME UpdateStepModules 0.018 sec
2021-08-02 09:04:00 - UPD_SUCCESS - Updated: altasib.feedback
2021-08-02 09:04:00 -  - exec CUpdateClientPartner::LoadModulesUpdates
2021-08-02 09:04:00 -  - exec CUpdateClientPartner::__CollectRequestData
2021-08-02 09:04:00 -  - utf=Y&lang=ru&stable=Y&CANGZIP=Y&SUPD_DBS=MYSQL&XE=N&CLIENT_SITE=predgorie.trifanovdmi.myjino.ru&LICENSE_KEY=X&SUPD_STS=1&SUPD_URS=0&SUPD_URSA=1&TYPENC=D&CLIENT_PHPVER=7.4.21&NGINX=Y&dbv=10.1.40&instm=main%2C20.200.300%2CY%3Bbitrixcloud%2C20.5.0%2CN%3Bseo%2C20.0.400%2CN%3Blanding%2C20.4.850%2CN%3Bclouds%2C20.100.0%2CN%3Btranslate%2C20.100.0%2CN%3Bmessageservice%2C20.100.0%2CN%3Bnsandrey.emptyinstall%2C1.0.5%2CN%3Bfileman%2C20.5.0%2CN%3Bbitrix.sitecorporate%2C15.5.0%2CN%3Biblock%2C20.0.1150%2CN%3Baltasib.feedback%2C3.0.1%2CN%3Bhighloadblock%2C20.100.0%2CN%3Bsocialservices%2C20.0.500%2CN%3Bb24connector%2C20.5.0%2CN%3Bsearch%2C20.5.0%2CN%3Brest%2C20.50.150%2CN%3Bperfmon%2C20.100.0%2CN%3Bui%2C20.5.887%2CN&reqm=altasib.feedback&lim=Y&SUPD_SRS=RU&SUPD_CMP=N
2021-08-02 09:04:00 -  - exec CUpdateClientPartner::GetHTTPPage
2021-08-02 09:04:01 -  - TIME LoadModulesUpdates(request) 0.225 sec
2021-08-02 09:04:01 -  - exec CUpdateClientPartner::ParseServerData
2021-08-02 09:04:01 - S - STEP
2021-08-02 09:04:01 - LMU01 - LoadModulesUpdates-Step
2021-08-02 09:04:01 -  - exec CUpdateClientPartner::LoadModulesUpdates
2021-08-02 09:04:01 -  - exec CUpdateClientPartner::ParseServerData
2021-08-02 09:04:01 -  - loadFile
2021-08-02 09:04:01 - U - RETURN
2021-08-02 09:04:01 -  - exec CUpdateClientPartner::UnGzipArchive
2021-08-02 09:04:01 -  - TIME UnGzipArchive 0.012 sec
2021-08-02 09:04:01 - CSURUS1 - Run updater '/bitrix/updates/update_m1627884241/altasib.feedback/updater3.0.4.php'
2021-08-02 09:04:01 -  - TIME UpdateStepModules 0.042 sec
2021-08-02 09:04:01 - UPD_SUCCESS - Updated: altasib.feedback (3.0.4)<br>- Добавлена отправка заявок в Bitrix24 - Добавлена возможность проверки сообщений на спецсимволы для исключения спама с сылками. - Прочие мелкие правки
2021-08-02 09:04:01 -  - exec CUpdateClientPartner::LoadModulesUpdates
2021-08-02 09:04:01 -  - exec CUpdateClientPartner::__CollectRequestData
2021-08-02 09:04:01 -  - utf=Y&lang=ru&stable=Y&CANGZIP=Y&SUPD_DBS=MYSQL&XE=N&CLIENT_SITE=predgorie.trifanovdmi.myjino.ru&LICENSE_KEY=X&SUPD_STS=1&SUPD_URS=0&SUPD_URSA=1&TYPENC=D&CLIENT_PHPVER=7.4.21&NGINX=Y&dbv=10.1.40&instm=main%2C20.200.300%2CY%3Bbitrixcloud%2C20.5.0%2CN%3Bseo%2C20.0.400%2CN%3Blanding%2C20.4.850%2CN%3Bclouds%2C20.100.0%2CN%3Btranslate%2C20.100.0%2CN%3Bmessageservice%2C20.100.0%2CN%3Bnsandrey.emptyinstall%2C1.0.5%2CN%3Bfileman%2C20.5.0%2CN%3Bbitrix.sitecorporate%2C15.5.0%2CN%3Biblock%2C20.0.1150%2CN%3Baltasib.feedback%2C3.0.4%2CN%3Bhighloadblock%2C20.100.0%2CN%3Bsocialservices%2C20.0.500%2CN%3Bb24connector%2C20.5.0%2CN%3Bsearch%2C20.5.0%2CN%3Brest%2C20.50.150%2CN%3Bperfmon%2C20.100.0%2CN%3Bui%2C20.5.887%2CN&reqm=altasib.feedback&lim=Y&SUPD_SRS=RU&SUPD_CMP=N
2021-08-02 09:04:01 -  - exec CUpdateClientPartner::GetHTTPPage
2021-08-02 09:04:02 -  - TIME LoadModulesUpdates(request) 0.2 sec
2021-08-02 09:04:02 -  - exec CUpdateClientPartner::ParseServerData
2021-08-02 09:04:02 - S - STEP
2021-08-02 09:04:02 - LMU01 - LoadModulesUpdates-Step
2021-08-02 09:04:02 -  - exec CUpdateClientPartner::LoadModulesUpdates
2021-08-02 09:04:02 -  - exec CUpdateClientPartner::ParseServerData
2021-08-02 09:04:02 -  - loadFile
2021-08-02 09:04:02 - U - RETURN
2021-08-02 09:04:02 -  - exec CUpdateClientPartner::UnGzipArchive
2021-08-02 09:04:02 -  - TIME UnGzipArchive 0.004 sec
2021-08-02 09:04:02 - CSURUS1 - Run updater '/bitrix/updates/update_m1627884242/altasib.feedback/updater3.0.5.php'
2021-08-02 09:04:02 -  - TIME UpdateStepModules 0.119 sec
2021-08-02 09:04:02 - UPD_SUCCESS - Updated: altasib.feedback (3.0.5)<br>- Доработан функционал привязки обращения к элементу ИБ - теперь выбранный элемент сохраняется в ИБ. Для сохранения выбранного элемента в элементе обращения, в соответствующем ИБ создайте следующие поля ELEMENT_NAME (текстовое поле, название элемента), ELEMENT_EDIT_LINK (текстовое поле, ссылка на редактирование элемента), ELEMENT_EDIT_LINK_ID (привязка к элементу, ИД элемента). 
2021-08-02 09:04:02 -  - exec CUpdateClientPartner::LoadModulesUpdates
2021-08-02 09:04:02 -  - exec CUpdateClientPartner::__CollectRequestData
2021-08-02 09:04:02 -  - utf=Y&lang=ru&stable=Y&CANGZIP=Y&SUPD_DBS=MYSQL&XE=N&CLIENT_SITE=predgorie.trifanovdmi.myjino.ru&LICENSE_KEY=X&SUPD_STS=1&SUPD_URS=0&SUPD_URSA=1&TYPENC=D&CLIENT_PHPVER=7.4.21&NGINX=Y&dbv=10.1.40&instm=main%2C20.200.300%2CY%3Bbitrixcloud%2C20.5.0%2CN%3Bseo%2C20.0.400%2CN%3Blanding%2C20.4.850%2CN%3Bclouds%2C20.100.0%2CN%3Btranslate%2C20.100.0%2CN%3Bmessageservice%2C20.100.0%2CN%3Bnsandrey.emptyinstall%2C1.0.5%2CN%3Bfileman%2C20.5.0%2CN%3Bbitrix.sitecorporate%2C15.5.0%2CN%3Biblock%2C20.0.1150%2CN%3Baltasib.feedback%2C3.0.5%2CN%3Bhighloadblock%2C20.100.0%2CN%3Bsocialservices%2C20.0.500%2CN%3Bb24connector%2C20.5.0%2CN%3Bsearch%2C20.5.0%2CN%3Brest%2C20.50.150%2CN%3Bperfmon%2C20.100.0%2CN%3Bui%2C20.5.887%2CN&reqm=altasib.feedback&lim=Y&SUPD_SRS=RU&SUPD_CMP=N
2021-08-02 09:04:02 -  - exec CUpdateClientPartner::GetHTTPPage
2021-08-02 09:04:02 -  - TIME LoadModulesUpdates(request) 0.209 sec
2021-08-02 09:04:02 -  - exec CUpdateClientPartner::ParseServerData
2021-08-02 09:04:02 - S - STEP
2021-08-02 09:04:02 - LMU01 - LoadModulesUpdates-Step
2021-08-02 09:04:03 -  - exec CUpdateClientPartner::LoadModulesUpdates
2021-08-02 09:04:03 -  - exec CUpdateClientPartner::ParseServerData
2021-08-02 09:04:03 -  - loadFile
2021-08-02 09:04:03 - U - RETURN
2021-08-02 09:04:03 -  - exec CUpdateClientPartner::UnGzipArchive
2021-08-02 09:04:03 -  - TIME UnGzipArchive 0.001 sec
2021-08-02 09:04:03 - CSURUS1 - Run updater '/bitrix/updates/update_m1627884243/altasib.feedback/updater3.0.6.php'
2021-08-02 09:04:03 -  - TIME UpdateStepModules 0.002 sec
2021-08-02 09:04:03 - UPD_SUCCESS - Updated: altasib.feedback (3.0.6)<br>- Фикс для совместимости с последними версиями 1С-Битрикс
2021-08-02 09:04:03 -  - exec CUpdateClientPartner::LoadModulesUpdates
2021-08-02 09:04:03 -  - exec CUpdateClientPartner::__CollectRequestData
2021-08-02 09:04:03 -  - utf=Y&lang=ru&stable=Y&CANGZIP=Y&SUPD_DBS=MYSQL&XE=N&CLIENT_SITE=predgorie.trifanovdmi.myjino.ru&LICENSE_KEY=X&SUPD_STS=1&SUPD_URS=0&SUPD_URSA=1&TYPENC=D&CLIENT_PHPVER=7.4.21&NGINX=Y&dbv=10.1.40&instm=main%2C20.200.300%2CY%3Bbitrixcloud%2C20.5.0%2CN%3Bseo%2C20.0.400%2CN%3Blanding%2C20.4.850%2CN%3Bclouds%2C20.100.0%2CN%3Btranslate%2C20.100.0%2CN%3Bmessageservice%2C20.100.0%2CN%3Bnsandrey.emptyinstall%2C1.0.5%2CN%3Bfileman%2C20.5.0%2CN%3Bbitrix.sitecorporate%2C15.5.0%2CN%3Biblock%2C20.0.1150%2CN%3Baltasib.feedback%2C3.0.6%2CN%3Bhighloadblock%2C20.100.0%2CN%3Bsocialservices%2C20.0.500%2CN%3Bb24connector%2C20.5.0%2CN%3Bsearch%2C20.5.0%2CN%3Brest%2C20.50.150%2CN%3Bperfmon%2C20.100.0%2CN%3Bui%2C20.5.887%2CN&reqm=altasib.feedback&lim=Y&SUPD_SRS=RU&SUPD_CMP=N
2021-08-02 09:04:03 -  - exec CUpdateClientPartner::GetHTTPPage
2021-08-02 09:04:04 -  - TIME LoadModulesUpdates(request) 0.209 sec
2021-08-02 09:04:04 -  - exec CUpdateClientPartner::ParseServerData
2021-08-02 09:04:04 - S - STEP
2021-08-02 09:04:04 - LMU01 - LoadModulesUpdates-Step
2021-08-02 09:04:04 -  - exec CUpdateClientPartner::LoadModulesUpdates
2021-08-02 09:04:04 -  - exec CUpdateClientPartner::ParseServerData
2021-08-02 09:04:04 -  - loadFile
2021-08-02 09:04:04 - U - RETURN
2021-08-02 09:04:04 -  - exec CUpdateClientPartner::UnGzipArchive
2021-08-02 09:04:04 -  - TIME UnGzipArchive 0.009 sec
2021-08-02 09:04:04 - CSURUS1 - Run updater '/bitrix/updates/update_m1627884244/altasib.feedback/updater3.0.8.php'
2021-08-02 09:04:04 -  - TIME UpdateStepModules 0.095 sec
2021-08-02 09:04:04 - UPD_SUCCESS - Updated: altasib.feedback (3.0.8)<br>- Пофиксены некоторые проблемы с ReCapcha - Починили всплывающее окно в IE11 - Добавили новые проверки (и сообщения для админа) на некорректные настройки модуля - Добавлена поддержка jQuery3 \"из ядра\" - Другие мелкие правки
2021-08-02 09:04:04 -  - exec CUpdateClientPartner::LoadModulesUpdates
2021-08-02 09:04:04 -  - exec CUpdateClientPartner::__CollectRequestData
2021-08-02 09:04:04 -  - utf=Y&lang=ru&stable=Y&CANGZIP=Y&SUPD_DBS=MYSQL&XE=N&CLIENT_SITE=predgorie.trifanovdmi.myjino.ru&LICENSE_KEY=X&SUPD_STS=1&SUPD_URS=0&SUPD_URSA=1&TYPENC=D&CLIENT_PHPVER=7.4.21&NGINX=Y&dbv=10.1.40&instm=main%2C20.200.300%2CY%3Bbitrixcloud%2C20.5.0%2CN%3Bseo%2C20.0.400%2CN%3Blanding%2C20.4.850%2CN%3Bclouds%2C20.100.0%2CN%3Btranslate%2C20.100.0%2CN%3Bmessageservice%2C20.100.0%2CN%3Bnsandrey.emptyinstall%2C1.0.5%2CN%3Bfileman%2C20.5.0%2CN%3Bbitrix.sitecorporate%2C15.5.0%2CN%3Biblock%2C20.0.1150%2CN%3Baltasib.feedback%2C3.0.8%2CN%3Bhighloadblock%2C20.100.0%2CN%3Bsocialservices%2C20.0.500%2CN%3Bb24connector%2C20.5.0%2CN%3Bsearch%2C20.5.0%2CN%3Brest%2C20.50.150%2CN%3Bperfmon%2C20.100.0%2CN%3Bui%2C20.5.887%2CN&reqm=altasib.feedback&lim=Y&SUPD_SRS=RU&SUPD_CMP=N
2021-08-02 09:04:04 -  - exec CUpdateClientPartner::GetHTTPPage
2021-08-02 09:04:04 -  - TIME LoadModulesUpdates(request) 0.204 sec
2021-08-02 09:04:04 -  - exec CUpdateClientPartner::ParseServerData
2021-08-02 09:04:04 - S - STEP
2021-08-02 09:04:04 - LMU01 - LoadModulesUpdates-Step
2021-08-02 09:04:05 -  - exec CUpdateClientPartner::LoadModulesUpdates
2021-08-02 09:04:05 -  - exec CUpdateClientPartner::ParseServerData
2021-08-02 09:04:05 -  - loadFile
2021-08-02 09:04:05 - U - RETURN
2021-08-02 09:04:05 -  - exec CUpdateClientPartner::UnGzipArchive
2021-08-02 09:04:05 -  - TIME UnGzipArchive 0.001 sec
2021-08-02 09:04:05 - CSURUS1 - Run updater '/bitrix/updates/update_m1627884245/altasib.feedback/updater3.0.9.php'
2021-08-02 09:04:05 -  - TIME UpdateStepModules 0.001 sec
2021-08-02 09:04:05 - UPD_SUCCESS - Updated: altasib.feedback (3.0.9)<br>- Исправлены ошибки с кэшем, когда используется сразу несколько форм, привязанных к разным инфоблокам.
2021-08-02 09:04:05 -  - exec CUpdateClientPartner::LoadModulesUpdates
2021-08-02 09:04:05 -  - exec CUpdateClientPartner::__CollectRequestData
2021-08-02 09:04:05 -  - utf=Y&lang=ru&stable=Y&CANGZIP=Y&SUPD_DBS=MYSQL&XE=N&CLIENT_SITE=predgorie.trifanovdmi.myjino.ru&LICENSE_KEY=X&SUPD_STS=1&SUPD_URS=0&SUPD_URSA=1&TYPENC=D&CLIENT_PHPVER=7.4.21&NGINX=Y&dbv=10.1.40&instm=main%2C20.200.300%2CY%3Bbitrixcloud%2C20.5.0%2CN%3Bseo%2C20.0.400%2CN%3Blanding%2C20.4.850%2CN%3Bclouds%2C20.100.0%2CN%3Btranslate%2C20.100.0%2CN%3Bmessageservice%2C20.100.0%2CN%3Bnsandrey.emptyinstall%2C1.0.5%2CN%3Bfileman%2C20.5.0%2CN%3Bbitrix.sitecorporate%2C15.5.0%2CN%3Biblock%2C20.0.1150%2CN%3Baltasib.feedback%2C3.0.9%2CN%3Bhighloadblock%2C20.100.0%2CN%3Bsocialservices%2C20.0.500%2CN%3Bb24connector%2C20.5.0%2CN%3Bsearch%2C20.5.0%2CN%3Brest%2C20.50.150%2CN%3Bperfmon%2C20.100.0%2CN%3Bui%2C20.5.887%2CN&reqm=altasib.feedback&lim=Y&SUPD_SRS=RU&SUPD_CMP=N
2021-08-02 09:04:05 -  - exec CUpdateClientPartner::GetHTTPPage
2021-08-02 09:04:05 -  - TIME LoadModulesUpdates(request) 0.207 sec
2021-08-02 09:04:05 -  - exec CUpdateClientPartner::ParseServerData
2021-08-02 09:04:05 - S - STEP
2021-08-02 09:04:05 - LMU01 - LoadModulesUpdates-Step
2021-08-02 09:04:05 -  - exec CUpdateClientPartner::LoadModulesUpdates
2021-08-02 09:04:05 -  - exec CUpdateClientPartner::ParseServerData
2021-08-02 09:04:05 -  - loadFile
2021-08-02 09:04:06 - U - RETURN
2021-08-02 09:04:06 -  - exec CUpdateClientPartner::UnGzipArchive
2021-08-02 09:04:06 -  - TIME UnGzipArchive 0.002 sec
2021-08-02 09:04:06 - CSURUS1 - Run updater '/bitrix/updates/update_m1627884246/altasib.feedback/updater3.0.10.php'
2021-08-02 09:04:06 -  - TIME UpdateStepModules 0.04 sec
2021-08-02 09:04:06 - UPD_SUCCESS - Updated: altasib.feedback (3.0.10)<br>- Устранен вывод php предупреждений в компоненте формы.
2021-08-02 09:04:06 -  - exec CUpdateClientPartner::LoadModulesUpdates
2021-08-02 09:04:06 -  - exec CUpdateClientPartner::__CollectRequestData
2021-08-02 09:04:06 -  - utf=Y&lang=ru&stable=Y&CANGZIP=Y&SUPD_DBS=MYSQL&XE=N&CLIENT_SITE=predgorie.trifanovdmi.myjino.ru&LICENSE_KEY=X&SUPD_STS=1&SUPD_URS=0&SUPD_URSA=1&TYPENC=D&CLIENT_PHPVER=7.4.21&NGINX=Y&dbv=10.1.40&instm=main%2C20.200.300%2CY%3Bbitrixcloud%2C20.5.0%2CN%3Bseo%2C20.0.400%2CN%3Blanding%2C20.4.850%2CN%3Bclouds%2C20.100.0%2CN%3Btranslate%2C20.100.0%2CN%3Bmessageservice%2C20.100.0%2CN%3Bnsandrey.emptyinstall%2C1.0.5%2CN%3Bfileman%2C20.5.0%2CN%3Bbitrix.sitecorporate%2C15.5.0%2CN%3Biblock%2C20.0.1150%2CN%3Baltasib.feedback%2C3.0.10%2CN%3Bhighloadblock%2C20.100.0%2CN%3Bsocialservices%2C20.0.500%2CN%3Bb24connector%2C20.5.0%2CN%3Bsearch%2C20.5.0%2CN%3Brest%2C20.50.150%2CN%3Bperfmon%2C20.100.0%2CN%3Bui%2C20.5.887%2CN&reqm=altasib.feedback&lim=Y&SUPD_SRS=RU&SUPD_CMP=N
2021-08-02 09:04:06 -  - exec CUpdateClientPartner::GetHTTPPage
2021-08-02 09:04:06 -  - TIME LoadModulesUpdates(request) 0.196 sec
2021-08-02 09:04:06 -  - exec CUpdateClientPartner::ParseServerData
2021-08-02 09:04:06 - S - STEP
2021-08-02 09:04:06 - LMU01 - LoadModulesUpdates-Step
2021-08-02 09:04:06 -  - exec CUpdateClientPartner::LoadModulesUpdates
2021-08-02 09:04:06 -  - exec CUpdateClientPartner::ParseServerData
2021-08-02 09:04:06 -  - loadFile
2021-08-02 09:04:06 - U - RETURN
2021-08-02 09:04:06 -  - exec CUpdateClientPartner::UnGzipArchive
2021-08-02 09:04:06 -  - TIME UnGzipArchive 0.006 sec
2021-08-02 09:04:06 - CSURUS1 - Run updater '/bitrix/updates/update_m1627884246/altasib.feedback/updater3.1.0.php'
2021-08-02 09:04:06 -  - TIME UpdateStepModules 0.039 sec
2021-08-02 09:04:06 - UPD_SUCCESS - Updated: altasib.feedback (3.1.0)<br>- исправлен баг, при котором, когда была выбрана опция \"Загружать после загрузки страницы\" в связке с jQuery v.3 окно не появлялось после загрузки страницы. - добавлена возможность использованиЯ Google reCAPTCHA v3.
2021-08-02 09:04:07 -  - exec CUpdateClientPartner::LoadModulesUpdates
2021-08-02 09:04:07 -  - exec CUpdateClientPartner::__CollectRequestData
2021-08-02 09:04:07 -  - utf=Y&lang=ru&stable=Y&CANGZIP=Y&SUPD_DBS=MYSQL&XE=N&CLIENT_SITE=predgorie.trifanovdmi.myjino.ru&LICENSE_KEY=X&SUPD_STS=1&SUPD_URS=0&SUPD_URSA=1&TYPENC=D&CLIENT_PHPVER=7.4.21&NGINX=Y&dbv=10.1.40&instm=main%2C20.200.300%2CY%3Bbitrixcloud%2C20.5.0%2CN%3Bseo%2C20.0.400%2CN%3Blanding%2C20.4.850%2CN%3Bclouds%2C20.100.0%2CN%3Btranslate%2C20.100.0%2CN%3Bmessageservice%2C20.100.0%2CN%3Bnsandrey.emptyinstall%2C1.0.5%2CN%3Bfileman%2C20.5.0%2CN%3Bbitrix.sitecorporate%2C15.5.0%2CN%3Biblock%2C20.0.1150%2CN%3Baltasib.feedback%2C3.1.0%2CN%3Bhighloadblock%2C20.100.0%2CN%3Bsocialservices%2C20.0.500%2CN%3Bb24connector%2C20.5.0%2CN%3Bsearch%2C20.5.0%2CN%3Brest%2C20.50.150%2CN%3Bperfmon%2C20.100.0%2CN%3Bui%2C20.5.887%2CN&reqm=altasib.feedback&lim=Y&SUPD_SRS=RU&SUPD_CMP=N
2021-08-02 09:04:07 -  - exec CUpdateClientPartner::GetHTTPPage
2021-08-02 09:04:07 -  - TIME LoadModulesUpdates(request) 0.199 sec
2021-08-02 09:04:07 -  - exec CUpdateClientPartner::ParseServerData
2021-08-02 09:04:07 - S - STEP
2021-08-02 09:04:07 - LMU01 - LoadModulesUpdates-Step
2021-08-02 09:04:07 -  - exec CUpdateClientPartner::LoadModulesUpdates
2021-08-02 09:04:07 -  - exec CUpdateClientPartner::ParseServerData
2021-08-02 09:04:07 -  - loadFile
2021-08-02 09:04:07 - U - RETURN
2021-08-02 09:04:07 -  - exec CUpdateClientPartner::UnGzipArchive
2021-08-02 09:04:07 -  - TIME UnGzipArchive 0.003 sec
2021-08-02 09:04:07 - CSURUS1 - Run updater '/bitrix/updates/update_m1627884247/altasib.feedback/updater3.1.1.php'
2021-08-02 09:04:07 -  - TIME UpdateStepModules 0.004 sec
2021-08-02 09:04:07 - UPD_SUCCESS - Updated: altasib.feedback (3.1.1)<br>- поправили ошибки кодировки
2021-08-02 09:04:07 -  - exec CUpdateClientPartner::LoadModulesUpdates
2021-08-02 09:04:07 -  - exec CUpdateClientPartner::__CollectRequestData
2021-08-02 09:04:08 -  - utf=Y&lang=ru&stable=Y&CANGZIP=Y&SUPD_DBS=MYSQL&XE=N&CLIENT_SITE=predgorie.trifanovdmi.myjino.ru&LICENSE_KEY=X&SUPD_STS=1&SUPD_URS=0&SUPD_URSA=1&TYPENC=D&CLIENT_PHPVER=7.4.21&NGINX=Y&dbv=10.1.40&instm=main%2C20.200.300%2CY%3Bbitrixcloud%2C20.5.0%2CN%3Bseo%2C20.0.400%2CN%3Blanding%2C20.4.850%2CN%3Bclouds%2C20.100.0%2CN%3Btranslate%2C20.100.0%2CN%3Bmessageservice%2C20.100.0%2CN%3Bnsandrey.emptyinstall%2C1.0.5%2CN%3Bfileman%2C20.5.0%2CN%3Bbitrix.sitecorporate%2C15.5.0%2CN%3Biblock%2C20.0.1150%2CN%3Baltasib.feedback%2C3.1.1%2CN%3Bhighloadblock%2C20.100.0%2CN%3Bsocialservices%2C20.0.500%2CN%3Bb24connector%2C20.5.0%2CN%3Bsearch%2C20.5.0%2CN%3Brest%2C20.50.150%2CN%3Bperfmon%2C20.100.0%2CN%3Bui%2C20.5.887%2CN&reqm=altasib.feedback&lim=Y&SUPD_SRS=RU&SUPD_CMP=N
2021-08-02 09:04:08 -  - exec CUpdateClientPartner::GetHTTPPage
2021-08-02 09:04:08 -  - TIME LoadModulesUpdates(request) 0.203 sec
2021-08-02 09:04:08 -  - exec CUpdateClientPartner::ParseServerData
2021-08-02 09:04:08 - STEP - Finish - NOUPDATES
2021-08-02 09:04:08 - STEP - Finish - NOUPDATES
2021-08-02 09:04:14 -  - exec CUpdateClientPartner::GetUpdatesList
2021-08-02 09:04:14 -  - exec CUpdateClientPartner::__CollectRequestData
2021-08-02 09:04:14 -  - utf=Y&lang=ru&stable=Y&CANGZIP=Y&SUPD_DBS=MYSQL&XE=N&CLIENT_SITE=predgorie.trifanovdmi.myjino.ru&LICENSE_KEY=X&SUPD_STS=1&SUPD_URS=0&SUPD_URSA=1&TYPENC=D&CLIENT_PHPVER=7.4.21&NGINX=Y&dbv=10.1.40&instm=main%2C20.200.300%2CY%3Bbitrixcloud%2C20.5.0%2CN%3Bseo%2C20.0.400%2CN%3Blanding%2C20.4.850%2CN%3Bclouds%2C20.100.0%2CN%3Btranslate%2C20.100.0%2CN%3Bmessageservice%2C20.100.0%2CN%3Bnsandrey.emptyinstall%2C1.0.5%2CN%3Bfileman%2C20.5.0%2CN%3Bbitrix.sitecorporate%2C15.5.0%2CN%3Biblock%2C20.0.1150%2CN%3Baltasib.feedback%2C3.1.1%2CN%3Bhighloadblock%2C20.100.0%2CN%3Bsocialservices%2C20.0.500%2CN%3Bb24connector%2C20.5.0%2CN%3Bsearch%2C20.5.0%2CN%3Brest%2C20.50.150%2CN%3Bperfmon%2C20.100.0%2CN%3Bui%2C20.5.887%2CN&reqm=nsandrey.emptyinstall%2Cbitrix.sitecorporate%2Caltasib.feedback&fullmoduleinfo=Y&SUPD_SRS=RU&SUPD_CMP=N
2021-08-02 09:04:14 -  - exec CUpdateClientPartner::GetHTTPPage
2021-08-02 09:04:14 -  - TIME GetUpdatesList(request) 0.227 sec
2021-08-02 09:04:14 -  - exec CUpdateClientPartner::ParseServerData
2021-08-02 09:04:22 -  - exec CUpdateClientPartner::GetUpdatesList
2021-08-02 09:04:22 -  - exec CUpdateClientPartner::__CollectRequestData
2021-08-02 09:04:22 -  - utf=Y&lang=ru&stable=Y&CANGZIP=Y&SUPD_DBS=MYSQL&XE=N&CLIENT_SITE=predgorie.trifanovdmi.myjino.ru&LICENSE_KEY=X&SUPD_STS=1&SUPD_URS=0&SUPD_URSA=1&TYPENC=D&CLIENT_PHPVER=7.4.21&NGINX=Y&dbv=10.1.40&instm=main%2C20.200.300%2CY%3Bbitrixcloud%2C20.5.0%2CN%3Bseo%2C20.0.400%2CN%3Blanding%2C20.4.850%2CN%3Bclouds%2C20.100.0%2CN%3Btranslate%2C20.100.0%2CN%3Bmessageservice%2C20.100.0%2CN%3Bnsandrey.emptyinstall%2C1.0.5%2CN%3Bfileman%2C20.5.0%2CN%3Bbitrix.sitecorporate%2C15.5.0%2CN%3Biblock%2C20.0.1150%2CN%3Baltasib.feedback%2C3.1.1%2CN%3Bhighloadblock%2C20.100.0%2CN%3Bsocialservices%2C20.0.500%2CN%3Bb24connector%2C20.5.0%2CN%3Bsearch%2C20.5.0%2CN%3Brest%2C20.50.150%2CN%3Bperfmon%2C20.100.0%2CN%3Bui%2C20.5.887%2CN&reqm=nsandrey.emptyinstall%2Cbitrix.sitecorporate%2Caltasib.feedback&fullmoduleinfo=Y&SUPD_SRS=RU&SUPD_CMP=N
2021-08-02 09:04:22 -  - exec CUpdateClientPartner::GetHTTPPage
2021-08-02 09:04:22 -  - TIME GetUpdatesList(request) 0.21 sec
2021-08-02 09:04:22 -  - exec CUpdateClientPartner::ParseServerData
2021-08-04 14:52:07 -  - exec CUpdateClientPartner::__CollectRequestData
2021-08-04 14:52:07 -  - exec CUpdateClientPartner::GetHTTPPage
2021-08-04 14:52:08 -  - exec CUpdateClientPartner::ParseServerData
2021-08-04 14:52:08 -  - exec CUpdateClientPartner::GetUpdatesList
2021-08-04 14:52:08 -  - exec CUpdateClientPartner::__CollectRequestData
2021-08-04 14:52:08 -  - utf=Y&lang=ru&stable=Y&CANGZIP=Y&SUPD_DBS=MYSQL&XE=N&CLIENT_SITE=predgorie.trifanovdmi.myjino.ru&LICENSE_KEY=X&SUPD_STS=1&SUPD_URS=0&SUPD_URSA=1&TYPENC=D&CLIENT_PHPVER=7.4.21&NGINX=Y&dbv=10.1.40&instm=main%2C20.200.300%2CY%3Bbitrixcloud%2C20.5.0%2CN%3Bseo%2C20.0.400%2CN%3Blanding%2C20.4.850%2CN%3Bclouds%2C20.100.0%2CN%3Btranslate%2C20.100.0%2CN%3Bmessageservice%2C20.100.0%2CN%3Bnsandrey.emptyinstall%2C1.0.5%2CN%3Bfileman%2C20.5.0%2CN%3Bbitrix.sitecorporate%2C15.5.0%2CN%3Biblock%2C20.0.1150%2CN%3Baltasib.feedback%2C3.1.1%2CN%3Bhighloadblock%2C20.100.0%2CN%3Bsocialservices%2C20.0.500%2CN%3Bb24connector%2C20.5.0%2CN%3Bsearch%2C20.5.0%2CN%3Brest%2C20.50.150%2CN%3Bperfmon%2C20.100.0%2CN%3Bui%2C20.5.887%2CN&reqm=nsandrey.emptyinstall%2Cbitrix.sitecorporate%2Caltasib.feedback&fullmoduleinfo=Y&SUPD_SRS=RU&SUPD_CMP=N
2021-08-04 14:52:08 -  - exec CUpdateClientPartner::GetHTTPPage
2021-08-04 14:52:08 -  - TIME GetUpdatesList(request) 0.259 sec
2021-08-04 14:52:08 -  - exec CUpdateClientPartner::ParseServerData
2021-08-04 14:52:08 -  - exec CUpdateClientPartner::__CollectRequestData
2021-08-04 14:52:08 -  - exec CUpdateClientPartner::GetHTTPPage
2021-08-04 14:52:08 -  - exec CUpdateClientPartner::ParseServerData
2021-08-05 14:53:29 -  - exec CUpdateClientPartner::__CollectRequestData
2021-08-05 14:53:29 -  - exec CUpdateClientPartner::GetHTTPPage
2021-08-05 14:53:30 -  - exec CUpdateClientPartner::ParseServerData
2021-08-05 14:53:30 -  - exec CUpdateClientPartner::GetUpdatesList
2021-08-05 14:53:30 -  - exec CUpdateClientPartner::__CollectRequestData
2021-08-05 14:53:30 -  - utf=Y&lang=ru&stable=Y&CANGZIP=Y&SUPD_DBS=MYSQL&XE=N&CLIENT_SITE=predgorie.trifanovdmi.myjino.ru&LICENSE_KEY=X&SUPD_STS=1&SUPD_URS=0&SUPD_URSA=1&TYPENC=D&CLIENT_PHPVER=7.4.21&NGINX=Y&dbv=10.1.40&instm=main%2C20.200.300%2CY%3Bbitrixcloud%2C20.5.0%2CN%3Bseo%2C20.0.400%2CN%3Blanding%2C20.4.850%2CN%3Bclouds%2C20.100.0%2CN%3Btranslate%2C20.100.0%2CN%3Bmessageservice%2C20.100.0%2CN%3Bnsandrey.emptyinstall%2C1.0.5%2CN%3Bfileman%2C20.5.0%2CN%3Bbitrix.sitecorporate%2C15.5.0%2CN%3Biblock%2C20.0.1150%2CN%3Baltasib.feedback%2C3.1.1%2CN%3Bhighloadblock%2C20.100.0%2CN%3Bsocialservices%2C20.0.500%2CN%3Bb24connector%2C20.5.0%2CN%3Bsearch%2C20.5.0%2CN%3Brest%2C20.50.150%2CN%3Bperfmon%2C20.100.0%2CN%3Bui%2C20.5.887%2CN&reqm=nsandrey.emptyinstall%2Cbitrix.sitecorporate%2Caltasib.feedback&fullmoduleinfo=Y&SUPD_SRS=RU&SUPD_CMP=N
2021-08-05 14:53:30 -  - exec CUpdateClientPartner::GetHTTPPage
2021-08-05 14:53:30 -  - TIME GetUpdatesList(request) 0.264 sec
2021-08-05 14:53:30 -  - exec CUpdateClientPartner::ParseServerData
2021-08-05 14:53:30 -  - exec CUpdateClientPartner::__CollectRequestData
2021-08-05 14:53:30 -  - exec CUpdateClientPartner::GetHTTPPage
2021-08-05 14:53:30 -  - exec CUpdateClientPartner::ParseServerData
2021-08-06 15:02:35 -  - exec CUpdateClientPartner::__CollectRequestData
2021-08-06 15:02:35 -  - exec CUpdateClientPartner::GetHTTPPage
2021-08-06 15:02:35 -  - exec CUpdateClientPartner::ParseServerData
2021-08-06 15:02:35 -  - exec CUpdateClientPartner::GetUpdatesList
2021-08-06 15:02:35 -  - exec CUpdateClientPartner::__CollectRequestData
2021-08-06 15:02:35 -  - utf=Y&lang=ru&stable=Y&CANGZIP=Y&SUPD_DBS=MYSQL&XE=N&CLIENT_SITE=predgorie.trifanovdmi.myjino.ru&LICENSE_KEY=X&SUPD_STS=1&SUPD_URS=0&SUPD_URSA=1&TYPENC=D&CLIENT_PHPVER=7.4.21&NGINX=Y&dbv=10.1.40&instm=main%2C20.200.300%2CY%3Bbitrixcloud%2C20.5.0%2CN%3Bseo%2C20.0.400%2CN%3Blanding%2C20.4.850%2CN%3Bclouds%2C20.100.0%2CN%3Btranslate%2C20.100.0%2CN%3Bmessageservice%2C20.100.0%2CN%3Bnsandrey.emptyinstall%2C1.0.5%2CN%3Bfileman%2C20.5.0%2CN%3Bbitrix.sitecorporate%2C15.5.0%2CN%3Biblock%2C20.0.1150%2CN%3Baltasib.feedback%2C3.1.1%2CN%3Bhighloadblock%2C20.100.0%2CN%3Bsocialservices%2C20.0.500%2CN%3Bb24connector%2C20.5.0%2CN%3Bsearch%2C20.5.0%2CN%3Brest%2C20.50.150%2CN%3Bperfmon%2C20.100.0%2CN%3Bui%2C20.5.887%2CN&reqm=nsandrey.emptyinstall%2Cbitrix.sitecorporate%2Caltasib.feedback&fullmoduleinfo=Y&SUPD_SRS=RU&SUPD_CMP=N
2021-08-06 15:02:35 -  - exec CUpdateClientPartner::GetHTTPPage
2021-08-06 15:02:36 -  - TIME GetUpdatesList(request) 0.238 sec
2021-08-06 15:02:36 -  - exec CUpdateClientPartner::ParseServerData
2021-08-06 15:02:36 -  - exec CUpdateClientPartner::__CollectRequestData
2021-08-06 15:02:36 -  - exec CUpdateClientPartner::GetHTTPPage
2021-08-06 15:02:36 -  - exec CUpdateClientPartner::ParseServerData
2021-08-09 08:28:41 -  - exec CUpdateClientPartner::__CollectRequestData
2021-08-09 08:28:41 -  - exec CUpdateClientPartner::GetHTTPPage
2021-08-09 08:28:41 -  - exec CUpdateClientPartner::ParseServerData
2021-08-09 08:28:41 -  - exec CUpdateClientPartner::GetUpdatesList
2021-08-09 08:28:41 -  - exec CUpdateClientPartner::__CollectRequestData
2021-08-09 08:28:41 -  - utf=Y&lang=ru&stable=Y&CANGZIP=Y&SUPD_DBS=MYSQL&XE=N&CLIENT_SITE=predgorie.trifanovdmi.myjino.ru&LICENSE_KEY=X&SUPD_STS=1&SUPD_URS=0&SUPD_URSA=1&TYPENC=D&CLIENT_PHPVER=7.4.21&NGINX=Y&dbv=10.1.40&instm=main%2C20.200.300%2CY%3Bbitrixcloud%2C20.5.0%2CN%3Bseo%2C20.0.400%2CN%3Blanding%2C20.4.850%2CN%3Bclouds%2C20.100.0%2CN%3Btranslate%2C20.100.0%2CN%3Bmessageservice%2C20.100.0%2CN%3Bnsandrey.emptyinstall%2C1.0.5%2CN%3Bfileman%2C20.5.0%2CN%3Bbitrix.sitecorporate%2C15.5.0%2CN%3Biblock%2C20.0.1150%2CN%3Baltasib.feedback%2C3.1.1%2CN%3Bhighloadblock%2C20.100.0%2CN%3Bsocialservices%2C20.0.500%2CN%3Bb24connector%2C20.5.0%2CN%3Bsearch%2C20.5.0%2CN%3Brest%2C20.50.150%2CN%3Bperfmon%2C20.100.0%2CN%3Bui%2C20.5.887%2CN&reqm=nsandrey.emptyinstall%2Cbitrix.sitecorporate%2Caltasib.feedback&fullmoduleinfo=Y&SUPD_SRS=RU&SUPD_CMP=N
2021-08-09 08:28:41 -  - exec CUpdateClientPartner::GetHTTPPage
2021-08-09 08:28:41 -  - TIME GetUpdatesList(request) 0.373 sec
2021-08-09 08:28:41 -  - exec CUpdateClientPartner::ParseServerData
2021-08-09 08:28:41 -  - exec CUpdateClientPartner::__CollectRequestData
2021-08-09 08:28:41 -  - exec CUpdateClientPartner::GetHTTPPage
2021-08-09 08:28:42 -  - exec CUpdateClientPartner::ParseServerData
2021-08-09 08:28:42 -  - exec CUpdateClientPartner::__CollectRequestData
2021-08-09 08:28:42 -  - exec CUpdateClientPartner::GetHTTPPage
2021-08-09 08:28:42 -  - exec CUpdateClientPartner::ParseServerData
2021-08-09 08:28:42 -  - exec CUpdateClientPartner::GetUpdatesList
2021-08-09 08:28:42 -  - exec CUpdateClientPartner::__CollectRequestData
2021-08-09 08:28:42 -  - utf=Y&lang=ru&stable=Y&CANGZIP=Y&SUPD_DBS=MYSQL&XE=N&CLIENT_SITE=predgorie.trifanovdmi.myjino.ru&LICENSE_KEY=X&SUPD_STS=1&SUPD_URS=0&SUPD_URSA=1&TYPENC=D&CLIENT_PHPVER=7.4.21&NGINX=Y&dbv=10.1.40&instm=main%2C20.200.300%2CY%3Bbitrixcloud%2C20.5.0%2CN%3Bseo%2C20.0.400%2CN%3Blanding%2C20.4.850%2CN%3Bclouds%2C20.100.0%2CN%3Btranslate%2C20.100.0%2CN%3Bmessageservice%2C20.100.0%2CN%3Bnsandrey.emptyinstall%2C1.0.5%2CN%3Bfileman%2C20.5.0%2CN%3Bbitrix.sitecorporate%2C15.5.0%2CN%3Biblock%2C20.0.1150%2CN%3Baltasib.feedback%2C3.1.1%2CN%3Bhighloadblock%2C20.100.0%2CN%3Bsocialservices%2C20.0.500%2CN%3Bb24connector%2C20.5.0%2CN%3Bsearch%2C20.5.0%2CN%3Brest%2C20.50.150%2CN%3Bperfmon%2C20.100.0%2CN%3Bui%2C20.5.887%2CN&reqm=nsandrey.emptyinstall%2Cbitrix.sitecorporate%2Caltasib.feedback&fullmoduleinfo=Y&SUPD_SRS=RU&SUPD_CMP=N
2021-08-09 08:28:42 -  - exec CUpdateClientPartner::GetHTTPPage
2021-08-09 08:28:42 -  - TIME GetUpdatesList(request) 0.265 sec
2021-08-09 08:28:42 -  - exec CUpdateClientPartner::ParseServerData
2021-08-09 08:28:42 -  - exec CUpdateClientPartner::__CollectRequestData
2021-08-09 08:28:42 -  - exec CUpdateClientPartner::GetHTTPPage
2021-08-09 08:28:43 -  - exec CUpdateClientPartner::ParseServerData
2021-08-10 08:28:48 -  - exec CUpdateClientPartner::__CollectRequestData
2021-08-10 08:28:48 -  - exec CUpdateClientPartner::GetHTTPPage
2021-08-10 08:28:48 -  - exec CUpdateClientPartner::ParseServerData
2021-08-10 08:28:48 -  - exec CUpdateClientPartner::GetUpdatesList
2021-08-10 08:28:48 -  - exec CUpdateClientPartner::__CollectRequestData
2021-08-10 08:28:48 -  - utf=Y&lang=ru&stable=Y&CANGZIP=Y&SUPD_DBS=MYSQL&XE=N&CLIENT_SITE=predgorie.trifanovdmi.myjino.ru&LICENSE_KEY=X&SUPD_STS=1&SUPD_URS=0&SUPD_URSA=1&TYPENC=D&CLIENT_PHPVER=7.4.21&NGINX=Y&dbv=10.1.40&instm=main%2C20.200.300%2CY%3Bbitrixcloud%2C20.5.0%2CN%3Bseo%2C20.0.400%2CN%3Blanding%2C20.4.850%2CN%3Bclouds%2C20.100.0%2CN%3Btranslate%2C20.100.0%2CN%3Bmessageservice%2C20.100.0%2CN%3Bnsandrey.emptyinstall%2C1.0.5%2CN%3Bfileman%2C20.5.0%2CN%3Bbitrix.sitecorporate%2C15.5.0%2CN%3Biblock%2C20.0.1150%2CN%3Baltasib.feedback%2C3.1.1%2CN%3Bhighloadblock%2C20.100.0%2CN%3Bsocialservices%2C20.0.500%2CN%3Bb24connector%2C20.5.0%2CN%3Bsearch%2C20.5.0%2CN%3Brest%2C20.50.150%2CN%3Bperfmon%2C20.100.0%2CN%3Bui%2C20.5.887%2CN&reqm=nsandrey.emptyinstall%2Cbitrix.sitecorporate%2Caltasib.feedback&fullmoduleinfo=Y&SUPD_SRS=RU&SUPD_CMP=N
2021-08-10 08:28:48 -  - exec CUpdateClientPartner::GetHTTPPage
2021-08-10 08:28:49 -  - TIME GetUpdatesList(request) 0.209 sec
2021-08-10 08:28:49 -  - exec CUpdateClientPartner::ParseServerData
2021-08-10 08:28:49 -  - exec CUpdateClientPartner::__CollectRequestData
2021-08-10 08:28:49 -  - exec CUpdateClientPartner::GetHTTPPage
2021-08-10 08:28:49 -  - exec CUpdateClientPartner::ParseServerData
2021-08-11 08:51:40 -  - exec CUpdateClientPartner::__CollectRequestData
2021-08-11 08:51:40 -  - exec CUpdateClientPartner::GetHTTPPage
2021-08-11 08:51:41 -  - exec CUpdateClientPartner::ParseServerData
2021-08-11 08:51:41 -  - exec CUpdateClientPartner::GetUpdatesList
2021-08-11 08:51:41 -  - exec CUpdateClientPartner::__CollectRequestData
2021-08-11 08:51:41 -  - utf=Y&lang=ru&stable=Y&CANGZIP=Y&SUPD_DBS=MYSQL&XE=N&CLIENT_SITE=predgorie.trifanovdmi.myjino.ru&LICENSE_KEY=X&SUPD_STS=1&SUPD_URS=0&SUPD_URSA=1&TYPENC=D&CLIENT_PHPVER=7.4.21&NGINX=Y&dbv=10.1.40&instm=main%2C20.200.300%2CY%3Bbitrixcloud%2C20.5.0%2CN%3Bseo%2C20.0.400%2CN%3Blanding%2C20.4.850%2CN%3Bclouds%2C20.100.0%2CN%3Btranslate%2C20.100.0%2CN%3Bmessageservice%2C20.100.0%2CN%3Bnsandrey.emptyinstall%2C1.0.5%2CN%3Bfileman%2C20.5.0%2CN%3Bbitrix.sitecorporate%2C15.5.0%2CN%3Biblock%2C20.0.1150%2CN%3Baltasib.feedback%2C3.1.1%2CN%3Bhighloadblock%2C20.100.0%2CN%3Bsocialservices%2C20.0.500%2CN%3Bb24connector%2C20.5.0%2CN%3Bsearch%2C20.5.0%2CN%3Brest%2C20.50.150%2CN%3Bperfmon%2C20.100.0%2CN%3Bui%2C20.5.887%2CN&reqm=nsandrey.emptyinstall%2Cbitrix.sitecorporate%2Caltasib.feedback&fullmoduleinfo=Y&SUPD_SRS=RU&SUPD_CMP=N
2021-08-11 08:51:41 -  - exec CUpdateClientPartner::GetHTTPPage
2021-08-11 08:51:41 -  - TIME GetUpdatesList(request) 0.241 sec
2021-08-11 08:51:41 -  - exec CUpdateClientPartner::ParseServerData
2021-08-11 08:51:41 -  - exec CUpdateClientPartner::__CollectRequestData
2021-08-11 08:51:41 -  - exec CUpdateClientPartner::GetHTTPPage
2021-08-11 08:51:41 -  - exec CUpdateClientPartner::ParseServerData
2021-08-12 09:11:52 -  - exec CUpdateClientPartner::__CollectRequestData
2021-08-12 09:11:52 -  - exec CUpdateClientPartner::GetHTTPPage
2021-08-12 09:11:53 -  - exec CUpdateClientPartner::ParseServerData
2021-08-12 09:11:53 -  - exec CUpdateClientPartner::GetUpdatesList
2021-08-12 09:11:53 -  - exec CUpdateClientPartner::__CollectRequestData
2021-08-12 09:11:53 -  - utf=Y&lang=ru&stable=Y&CANGZIP=Y&SUPD_DBS=MYSQL&XE=N&CLIENT_SITE=predgorie.trifanovdmi.myjino.ru&LICENSE_KEY=X&SUPD_STS=1&SUPD_URS=0&SUPD_URSA=1&TYPENC=D&CLIENT_PHPVER=7.4.21&NGINX=Y&dbv=10.1.40&instm=main%2C20.200.300%2CY%3Bbitrixcloud%2C20.5.0%2CN%3Bseo%2C20.0.400%2CN%3Blanding%2C20.4.850%2CN%3Bclouds%2C20.100.0%2CN%3Btranslate%2C20.100.0%2CN%3Bmessageservice%2C20.100.0%2CN%3Bnsandrey.emptyinstall%2C1.0.5%2CN%3Bfileman%2C20.5.0%2CN%3Bbitrix.sitecorporate%2C15.5.0%2CN%3Biblock%2C20.0.1150%2CN%3Baltasib.feedback%2C3.1.1%2CN%3Bhighloadblock%2C20.100.0%2CN%3Bsocialservices%2C20.0.500%2CN%3Bb24connector%2C20.5.0%2CN%3Bsearch%2C20.5.0%2CN%3Brest%2C20.50.150%2CN%3Bperfmon%2C20.100.0%2CN%3Bui%2C20.5.887%2CN&reqm=nsandrey.emptyinstall%2Cbitrix.sitecorporate%2Caltasib.feedback&fullmoduleinfo=Y&SUPD_SRS=RU&SUPD_CMP=N
2021-08-12 09:11:53 -  - exec CUpdateClientPartner::GetHTTPPage
2021-08-12 09:11:53 -  - TIME GetUpdatesList(request) 0.257 sec
2021-08-12 09:11:53 -  - exec CUpdateClientPartner::ParseServerData
2021-08-12 09:11:53 -  - exec CUpdateClientPartner::__CollectRequestData
2021-08-12 09:11:53 -  - exec CUpdateClientPartner::GetHTTPPage
2021-08-12 09:11:53 -  - exec CUpdateClientPartner::ParseServerData
2021-08-13 09:24:17 -  - exec CUpdateClientPartner::__CollectRequestData
2021-08-13 09:24:17 -  - exec CUpdateClientPartner::GetHTTPPage
2021-08-13 09:24:17 -  - exec CUpdateClientPartner::ParseServerData
2021-08-13 09:24:17 -  - exec CUpdateClientPartner::GetUpdatesList
2021-08-13 09:24:17 -  - exec CUpdateClientPartner::__CollectRequestData
2021-08-13 09:24:17 -  - utf=Y&lang=ru&stable=Y&CANGZIP=Y&SUPD_DBS=MYSQL&XE=N&CLIENT_SITE=predgorie.trifanovdmi.myjino.ru&LICENSE_KEY=X&SUPD_STS=1&SUPD_URS=0&SUPD_URSA=1&TYPENC=D&CLIENT_PHPVER=7.4.21&NGINX=Y&dbv=10.1.40&instm=main%2C20.200.300%2CY%3Bbitrixcloud%2C20.5.0%2CN%3Bseo%2C20.0.400%2CN%3Blanding%2C20.4.850%2CN%3Bclouds%2C20.100.0%2CN%3Btranslate%2C20.100.0%2CN%3Bmessageservice%2C20.100.0%2CN%3Bnsandrey.emptyinstall%2C1.0.5%2CN%3Bfileman%2C20.5.0%2CN%3Bbitrix.sitecorporate%2C15.5.0%2CN%3Biblock%2C20.0.1150%2CN%3Baltasib.feedback%2C3.1.1%2CN%3Bhighloadblock%2C20.100.0%2CN%3Bsocialservices%2C20.0.500%2CN%3Bb24connector%2C20.5.0%2CN%3Bsearch%2C20.5.0%2CN%3Brest%2C20.50.150%2CN%3Bperfmon%2C20.100.0%2CN%3Bui%2C20.5.887%2CN&reqm=nsandrey.emptyinstall%2Cbitrix.sitecorporate%2Caltasib.feedback&fullmoduleinfo=Y&SUPD_SRS=RU&SUPD_CMP=N
2021-08-13 09:24:17 -  - exec CUpdateClientPartner::GetHTTPPage
2021-08-13 09:24:18 -  - TIME GetUpdatesList(request) 0.216 sec
2021-08-13 09:24:18 -  - exec CUpdateClientPartner::ParseServerData
2021-08-13 09:24:18 -  - exec CUpdateClientPartner::__CollectRequestData
2021-08-13 09:24:18 -  - exec CUpdateClientPartner::GetHTTPPage
2021-08-13 09:24:18 -  - exec CUpdateClientPartner::ParseServerData
2021-08-16 08:39:55 -  - exec CUpdateClientPartner::__CollectRequestData
2021-08-16 08:39:55 -  - exec CUpdateClientPartner::GetHTTPPage
2021-08-16 08:39:56 -  - exec CUpdateClientPartner::ParseServerData
2021-08-16 08:39:56 -  - exec CUpdateClientPartner::GetUpdatesList
2021-08-16 08:39:56 -  - exec CUpdateClientPartner::__CollectRequestData
2021-08-16 08:39:56 -  - utf=Y&lang=ru&stable=Y&CANGZIP=Y&SUPD_DBS=MYSQL&XE=N&CLIENT_SITE=predgorie.trifanovdmi.myjino.ru&LICENSE_KEY=X&SUPD_STS=1&SUPD_URS=0&SUPD_URSA=1&TYPENC=D&CLIENT_PHPVER=7.4.21&NGINX=Y&dbv=10.1.40&instm=main%2C20.200.300%2CY%3Bbitrixcloud%2C20.5.0%2CN%3Bseo%2C20.0.400%2CN%3Blanding%2C20.4.850%2CN%3Bclouds%2C20.100.0%2CN%3Btranslate%2C20.100.0%2CN%3Bmessageservice%2C20.100.0%2CN%3Bnsandrey.emptyinstall%2C1.0.5%2CN%3Bfileman%2C20.5.0%2CN%3Bbitrix.sitecorporate%2C15.5.0%2CN%3Biblock%2C20.0.1150%2CN%3Baltasib.feedback%2C3.1.1%2CN%3Bhighloadblock%2C20.100.0%2CN%3Bsocialservices%2C20.0.500%2CN%3Bb24connector%2C20.5.0%2CN%3Bsearch%2C20.5.0%2CN%3Brest%2C20.50.150%2CN%3Bperfmon%2C20.100.0%2CN%3Bui%2C20.5.887%2CN&reqm=nsandrey.emptyinstall%2Cbitrix.sitecorporate%2Caltasib.feedback&fullmoduleinfo=Y&SUPD_SRS=RU&SUPD_CMP=N
2021-08-16 08:39:56 -  - exec CUpdateClientPartner::GetHTTPPage
2021-08-16 08:39:56 -  - TIME GetUpdatesList(request) 0.258 sec
2021-08-16 08:39:56 -  - exec CUpdateClientPartner::ParseServerData
2021-08-16 08:39:56 -  - exec CUpdateClientPartner::__CollectRequestData
2021-08-16 08:39:56 -  - exec CUpdateClientPartner::GetHTTPPage
2021-08-16 08:39:56 -  - exec CUpdateClientPartner::ParseServerData
2021-08-17 12:41:55 -  - exec CUpdateClientPartner::__CollectRequestData
2021-08-17 12:41:55 -  - exec CUpdateClientPartner::GetHTTPPage
2021-08-17 12:41:56 -  - exec CUpdateClientPartner::ParseServerData
2021-08-17 12:41:56 -  - exec CUpdateClientPartner::GetUpdatesList
2021-08-17 12:41:56 -  - exec CUpdateClientPartner::__CollectRequestData
2021-08-17 12:41:56 -  - utf=Y&lang=ru&stable=Y&CANGZIP=Y&SUPD_DBS=MYSQL&XE=N&CLIENT_SITE=predgorie.trifanovdmi.myjino.ru&LICENSE_KEY=X&SUPD_STS=1&SUPD_URS=0&SUPD_URSA=1&TYPENC=D&CLIENT_PHPVER=7.4.21&NGINX=Y&dbv=10.1.40&instm=main%2C20.200.300%2CY%3Bbitrixcloud%2C20.5.0%2CN%3Bseo%2C20.0.400%2CN%3Blanding%2C20.4.850%2CN%3Bclouds%2C20.100.0%2CN%3Btranslate%2C20.100.0%2CN%3Bmessageservice%2C20.100.0%2CN%3Bnsandrey.emptyinstall%2C1.0.5%2CN%3Bfileman%2C20.5.0%2CN%3Bbitrix.sitecorporate%2C15.5.0%2CN%3Biblock%2C20.0.1150%2CN%3Baltasib.feedback%2C3.1.1%2CN%3Bhighloadblock%2C20.100.0%2CN%3Bsocialservices%2C20.0.500%2CN%3Bb24connector%2C20.5.0%2CN%3Bsearch%2C20.5.0%2CN%3Brest%2C20.50.150%2CN%3Bperfmon%2C20.100.0%2CN%3Bui%2C20.5.887%2CN&reqm=nsandrey.emptyinstall%2Cbitrix.sitecorporate%2Caltasib.feedback&fullmoduleinfo=Y&SUPD_SRS=RU&SUPD_CMP=N
2021-08-17 12:41:56 -  - exec CUpdateClientPartner::GetHTTPPage
2021-08-17 12:41:56 -  - TIME GetUpdatesList(request) 0.189 sec
2021-08-17 12:41:56 -  - exec CUpdateClientPartner::ParseServerData
2021-08-17 12:41:56 -  - exec CUpdateClientPartner::__CollectRequestData
2021-08-17 12:41:56 -  - exec CUpdateClientPartner::GetHTTPPage
2021-08-17 12:41:56 -  - exec CUpdateClientPartner::ParseServerData
2021-08-19 09:01:09 -  - exec CUpdateClientPartner::__CollectRequestData
2021-08-19 09:01:09 -  - exec CUpdateClientPartner::GetHTTPPage
2021-08-19 09:01:09 -  - exec CUpdateClientPartner::ParseServerData
2021-08-19 09:01:09 -  - exec CUpdateClientPartner::GetUpdatesList
2021-08-19 09:01:09 -  - exec CUpdateClientPartner::__CollectRequestData
2021-08-19 09:01:09 -  - utf=Y&lang=ru&stable=Y&CANGZIP=Y&SUPD_DBS=MYSQL&XE=N&CLIENT_SITE=predgorie.trifanovdmi.myjino.ru&LICENSE_KEY=X&SUPD_STS=1&SUPD_URS=0&SUPD_URSA=1&TYPENC=D&CLIENT_PHPVER=7.4.21&NGINX=Y&dbv=10.1.40&instm=main%2C20.200.300%2CY%3Bbitrixcloud%2C20.5.0%2CN%3Bseo%2C20.0.400%2CN%3Blanding%2C20.4.850%2CN%3Bclouds%2C20.100.0%2CN%3Btranslate%2C20.100.0%2CN%3Bmessageservice%2C20.100.0%2CN%3Bnsandrey.emptyinstall%2C1.0.5%2CN%3Bfileman%2C20.5.0%2CN%3Bbitrix.sitecorporate%2C15.5.0%2CN%3Biblock%2C20.0.1150%2CN%3Baltasib.feedback%2C3.1.1%2CN%3Bhighloadblock%2C20.100.0%2CN%3Bsocialservices%2C20.0.500%2CN%3Bb24connector%2C20.5.0%2CN%3Bsearch%2C20.5.0%2CN%3Brest%2C20.50.150%2CN%3Bperfmon%2C20.100.0%2CN%3Bui%2C20.5.887%2CN&reqm=nsandrey.emptyinstall%2Cbitrix.sitecorporate%2Caltasib.feedback&fullmoduleinfo=Y&SUPD_SRS=RU&SUPD_CMP=N
2021-08-19 09:01:09 -  - exec CUpdateClientPartner::GetHTTPPage
2021-08-19 09:01:10 -  - TIME GetUpdatesList(request) 0.204 sec
2021-08-19 09:01:10 -  - exec CUpdateClientPartner::ParseServerData
2021-08-19 09:01:10 -  - exec CUpdateClientPartner::__CollectRequestData
2021-08-19 09:01:10 -  - exec CUpdateClientPartner::GetHTTPPage
2021-08-19 09:01:10 -  - exec CUpdateClientPartner::ParseServerData
2021-08-19 14:39:16 -  - exec CUpdateClientPartner::GetUpdatesList
2021-08-19 14:39:16 -  - exec CUpdateClientPartner::__CollectRequestData
2021-08-19 14:39:16 -  - utf=Y&lang=ru&stable=Y&CANGZIP=Y&SUPD_DBS=MYSQL&XE=N&CLIENT_SITE=predgorye.ru&LICENSE_KEY=X&SUPD_STS=1&SUPD_URS=0&SUPD_URSA=1&TYPENC=D&CLIENT_PHPVER=7.3.26&NGINX=Y&dbv=5.7.27&instm=main%2C20.200.300%2CY%3Btranslate%2C20.100.0%2CN%3Bperfmon%2C20.100.0%2CN%3Bsearch%2C20.5.0%2CN%3Bfileman%2C20.5.0%2CN%3Bseo%2C20.0.400%2CN%3Blanding%2C20.4.850%2CN%3Bnsandrey.emptyinstall%2C1.0.5%2CN%3Bhighloadblock%2C20.100.0%2CN%3Baltasib.feedback%2C3.1.1%2CN%3Bmessageservice%2C20.100.0%2CN%3Biblock%2C20.0.1150%2CN%3Bb24connector%2C20.5.0%2CN%3Bsocialservices%2C20.0.500%2CN%3Brest%2C20.50.150%2CN%3Bclouds%2C20.100.0%2CN%3Bui%2C20.5.887%2CN%3Bbitrix.sitecorporate%2C15.5.0%2CN%3Bbitrixcloud%2C20.5.0%2CN&reqm=nsandrey.emptyinstall%2Caltasib.feedback%2Cbitrix.sitecorporate&SUPD_SRS=RU&SUPD_CMP=N
2021-08-19 14:39:16 -  - exec CUpdateClientPartner::GetHTTPPage
2021-08-19 14:39:27 -  - TIME GetUpdatesList(request) 11.262 sec
2021-08-19 14:39:27 -  - exec CUpdateClientPartner::ParseServerData
2021-08-19 14:42:59 -  - exec CUpdateClientPartner::GetUpdatesList
2021-08-19 14:42:59 -  - exec CUpdateClientPartner::__CollectRequestData
2021-08-19 14:42:59 -  - utf=Y&lang=ru&stable=Y&CANGZIP=Y&SUPD_DBS=MYSQL&XE=N&CLIENT_SITE=predgorye.ru&LICENSE_KEY=X&SUPD_STS=1&SUPD_URS=0&SUPD_URSA=1&TYPENC=D&CLIENT_PHPVER=7.3.26&NGINX=Y&dbv=5.7.27&instm=main%2C20.200.300%2CY%3Btranslate%2C20.100.0%2CN%3Bperfmon%2C20.100.0%2CN%3Bsearch%2C20.5.0%2CN%3Bfileman%2C20.5.0%2CN%3Bseo%2C20.0.400%2CN%3Blanding%2C20.4.850%2CN%3Bnsandrey.emptyinstall%2C1.0.5%2CN%3Bhighloadblock%2C20.100.0%2CN%3Baltasib.feedback%2C3.1.1%2CN%3Bmessageservice%2C20.100.0%2CN%3Biblock%2C20.0.1150%2CN%3Bb24connector%2C20.5.0%2CN%3Bsocialservices%2C20.0.500%2CN%3Brest%2C20.50.150%2CN%3Bclouds%2C20.100.0%2CN%3Bui%2C20.5.887%2CN%3Bbitrix.sitecorporate%2C15.5.0%2CN%3Bbitrixcloud%2C20.5.0%2CN&reqm=nsandrey.emptyinstall%2Caltasib.feedback%2Cbitrix.sitecorporate&fullmoduleinfo=Y&SUPD_SRS=RU&SUPD_CMP=N
2021-08-19 14:42:59 -  - exec CUpdateClientPartner::GetHTTPPage
2021-08-19 14:42:59 -  - TIME GetUpdatesList(request) 0.21 sec
2021-08-19 14:42:59 -  - exec CUpdateClientPartner::ParseServerData
2021-08-20 15:01:42 -  - exec CUpdateClientPartner::__CollectRequestData
2021-08-20 15:01:42 -  - exec CUpdateClientPartner::GetHTTPPage
2021-08-20 15:01:42 -  - exec CUpdateClientPartner::ParseServerData
2021-08-20 15:01:42 -  - exec CUpdateClientPartner::GetUpdatesList
2021-08-20 15:01:42 -  - exec CUpdateClientPartner::__CollectRequestData
2021-08-20 15:01:42 -  - utf=Y&lang=ru&stable=Y&CANGZIP=Y&SUPD_DBS=MYSQL&XE=N&CLIENT_SITE=predgorye.ru&LICENSE_KEY=X&SUPD_STS=1&SUPD_URS=0&SUPD_URSA=1&TYPENC=E&CLIENT_PHPVER=7.3.26&NGINX=Y&dbv=5.7.27&instm=main%2C20.200.300%2CN%3Btranslate%2C20.100.0%2CN%3Bperfmon%2C20.100.0%2CN%3Bsearch%2C20.5.0%2CN%3Bfileman%2C20.5.0%2CN%3Bseo%2C20.0.400%2CN%3Blanding%2C20.4.850%2CN%3Bnsandrey.emptyinstall%2C1.0.5%2CN%3Bhighloadblock%2C20.100.0%2CN%3Baltasib.feedback%2C3.1.1%2CN%3Bmessageservice%2C20.100.0%2CN%3Biblock%2C20.0.1150%2CN%3Bb24connector%2C20.5.0%2CN%3Bsocialservices%2C20.0.500%2CN%3Brest%2C20.50.150%2CN%3Bclouds%2C20.100.0%2CN%3Bui%2C20.5.887%2CN%3Bbitrix.sitecorporate%2C15.5.0%2CN%3Bbitrixcloud%2C20.5.0%2CN&reqm=nsandrey.emptyinstall%2Caltasib.feedback%2Cbitrix.sitecorporate&fullmoduleinfo=Y&SUPD_SRS=RU&SUPD_CMP=N
2021-08-20 15:01:42 -  - exec CUpdateClientPartner::GetHTTPPage
2021-08-20 15:01:43 -  - TIME GetUpdatesList(request) 0.234 sec
2021-08-20 15:01:43 -  - exec CUpdateClientPartner::ParseServerData
2021-08-20 15:01:43 -  - exec CUpdateClientPartner::__CollectRequestData
2021-08-20 15:01:43 -  - exec CUpdateClientPartner::GetHTTPPage
2021-08-20 15:01:43 -  - exec CUpdateClientPartner::ParseServerData
2021-08-23 09:20:47 -  - exec CUpdateClientPartner::__CollectRequestData
2021-08-23 09:20:47 -  - exec CUpdateClientPartner::GetHTTPPage
2021-08-23 09:20:47 -  - exec CUpdateClientPartner::ParseServerData
2021-08-23 09:20:47 -  - exec CUpdateClientPartner::GetUpdatesList
2021-08-23 09:20:47 -  - exec CUpdateClientPartner::__CollectRequestData
2021-08-23 09:20:47 -  - utf=Y&lang=ru&stable=Y&CANGZIP=Y&SUPD_DBS=MYSQL&XE=N&CLIENT_SITE=predgorye.ru&LICENSE_KEY=X&SUPD_STS=1&SUPD_URS=0&SUPD_URSA=1&TYPENC=E&CLIENT_PHPVER=7.3.26&NGINX=Y&dbv=5.7.27&instm=main%2C20.200.300%2CN%3Btranslate%2C20.100.0%2CN%3Bperfmon%2C20.100.0%2CN%3Bsearch%2C20.5.0%2CN%3Bfileman%2C20.5.0%2CN%3Bseo%2C20.0.400%2CN%3Blanding%2C20.4.850%2CN%3Bnsandrey.emptyinstall%2C1.0.5%2CN%3Bhighloadblock%2C20.100.0%2CN%3Baltasib.feedback%2C3.1.1%2CN%3Bmessageservice%2C20.100.0%2CN%3Biblock%2C20.0.1150%2CN%3Bb24connector%2C20.5.0%2CN%3Bsocialservices%2C20.0.500%2CN%3Brest%2C20.50.150%2CN%3Bclouds%2C20.100.0%2CN%3Bui%2C20.5.887%2CN%3Bbitrix.sitecorporate%2C15.5.0%2CN%3Bbitrixcloud%2C20.5.0%2CN&reqm=nsandrey.emptyinstall%2Caltasib.feedback%2Cbitrix.sitecorporate&fullmoduleinfo=Y&SUPD_SRS=RU&SUPD_CMP=N
2021-08-23 09:20:47 -  - exec CUpdateClientPartner::GetHTTPPage
2021-08-23 09:20:48 -  - TIME GetUpdatesList(request) 0.236 sec
2021-08-23 09:20:48 -  - exec CUpdateClientPartner::ParseServerData
2021-08-23 09:20:48 -  - exec CUpdateClientPartner::__CollectRequestData
2021-08-23 09:20:48 -  - exec CUpdateClientPartner::GetHTTPPage
2021-08-23 09:20:48 -  - exec CUpdateClientPartner::ParseServerData
2021-08-24 10:03:52 -  - exec CUpdateClientPartner::__CollectRequestData
2021-08-24 10:03:52 -  - exec CUpdateClientPartner::GetHTTPPage
2021-08-24 10:03:52 -  - exec CUpdateClientPartner::ParseServerData
2021-08-24 10:03:52 -  - exec CUpdateClientPartner::GetUpdatesList
2021-08-24 10:03:52 -  - exec CUpdateClientPartner::__CollectRequestData
2021-08-24 10:03:52 -  - utf=Y&lang=ru&stable=Y&CANGZIP=Y&SUPD_DBS=MYSQL&XE=N&CLIENT_SITE=predgorye.ru&LICENSE_KEY=X&SUPD_STS=1&SUPD_URS=0&SUPD_URSA=1&TYPENC=E&CLIENT_PHPVER=7.3.26&NGINX=Y&dbv=5.7.27&instm=main%2C20.200.300%2CN%3Btranslate%2C20.100.0%2CN%3Bperfmon%2C20.100.0%2CN%3Bsearch%2C20.5.0%2CN%3Bfileman%2C20.5.0%2CN%3Bseo%2C20.0.400%2CN%3Blanding%2C20.4.850%2CN%3Bnsandrey.emptyinstall%2C1.0.5%2CN%3Bhighloadblock%2C20.100.0%2CN%3Baltasib.feedback%2C3.1.1%2CN%3Bmessageservice%2C20.100.0%2CN%3Biblock%2C20.0.1150%2CN%3Bb24connector%2C20.5.0%2CN%3Bsocialservices%2C20.0.500%2CN%3Brest%2C20.50.150%2CN%3Bclouds%2C20.100.0%2CN%3Bui%2C20.5.887%2CN%3Bbitrix.sitecorporate%2C15.5.0%2CN%3Bbitrixcloud%2C20.5.0%2CN&reqm=nsandrey.emptyinstall%2Caltasib.feedback%2Cbitrix.sitecorporate&fullmoduleinfo=Y&SUPD_SRS=RU&SUPD_CMP=N
2021-08-24 10:03:52 -  - exec CUpdateClientPartner::GetHTTPPage
2021-08-24 10:03:52 -  - TIME GetUpdatesList(request) 0.249 sec
2021-08-24 10:03:52 -  - exec CUpdateClientPartner::ParseServerData
2021-08-24 10:03:52 -  - exec CUpdateClientPartner::__CollectRequestData
2021-08-24 10:03:52 -  - exec CUpdateClientPartner::GetHTTPPage
2021-08-24 10:03:52 -  - exec CUpdateClientPartner::ParseServerData
2021-08-25 10:36:14 -  - exec CUpdateClientPartner::__CollectRequestData
2021-08-25 10:36:14 -  - exec CUpdateClientPartner::GetHTTPPage
2021-08-25 10:36:15 -  - exec CUpdateClientPartner::ParseServerData
2021-08-25 10:36:15 -  - exec CUpdateClientPartner::GetUpdatesList
2021-08-25 10:36:15 -  - exec CUpdateClientPartner::__CollectRequestData
2021-08-25 10:36:15 -  - utf=Y&lang=ru&stable=Y&CANGZIP=Y&SUPD_DBS=MYSQL&XE=N&CLIENT_SITE=predgorye.ru&LICENSE_KEY=X&SUPD_STS=1&SUPD_URS=0&SUPD_URSA=1&TYPENC=E&CLIENT_PHPVER=7.3.26&NGINX=Y&dbv=5.7.27&instm=main%2C20.200.300%2CN%3Btranslate%2C20.100.0%2CN%3Bperfmon%2C20.100.0%2CN%3Bsearch%2C20.5.0%2CN%3Bfileman%2C20.5.0%2CN%3Bseo%2C20.0.400%2CN%3Blanding%2C20.4.850%2CN%3Bnsandrey.emptyinstall%2C1.0.5%2CN%3Bhighloadblock%2C20.100.0%2CN%3Baltasib.feedback%2C3.1.1%2CN%3Bmessageservice%2C20.100.0%2CN%3Biblock%2C20.0.1150%2CN%3Bb24connector%2C20.5.0%2CN%3Bsocialservices%2C20.0.500%2CN%3Brest%2C20.50.150%2CN%3Bclouds%2C20.100.0%2CN%3Bui%2C20.5.887%2CN%3Bbitrix.sitecorporate%2C15.5.0%2CN%3Bbitrixcloud%2C20.5.0%2CN&reqm=nsandrey.emptyinstall%2Caltasib.feedback%2Cbitrix.sitecorporate&fullmoduleinfo=Y&SUPD_SRS=RU&SUPD_CMP=N
2021-08-25 10:36:15 -  - exec CUpdateClientPartner::GetHTTPPage
2021-08-25 10:36:18 -  - TIME GetUpdatesList(request) 2.811 sec
2021-08-25 10:36:18 -  - exec CUpdateClientPartner::ParseServerData
2021-08-25 10:36:18 -  - exec CUpdateClientPartner::__CollectRequestData
2021-08-25 10:36:18 -  - exec CUpdateClientPartner::GetHTTPPage
2021-08-25 10:36:20 -  - exec CUpdateClientPartner::ParseServerData
2021-08-27 09:27:19 -  - exec CUpdateClientPartner::__CollectRequestData
2021-08-27 09:27:19 -  - exec CUpdateClientPartner::GetHTTPPage
2021-08-27 09:27:19 -  - exec CUpdateClientPartner::ParseServerData
2021-08-27 09:27:19 -  - exec CUpdateClientPartner::GetUpdatesList
2021-08-27 09:27:19 -  - exec CUpdateClientPartner::__CollectRequestData
2021-08-27 09:27:19 -  - utf=Y&lang=ru&stable=Y&CANGZIP=Y&SUPD_DBS=MYSQL&XE=N&CLIENT_SITE=predgorye.ru&LICENSE_KEY=X&SUPD_STS=1&SUPD_URS=0&SUPD_URSA=1&TYPENC=E&CLIENT_PHPVER=7.3.26&NGINX=Y&dbv=5.7.27&instm=main%2C20.200.300%2CN%3Btranslate%2C20.100.0%2CN%3Bperfmon%2C20.100.0%2CN%3Bsearch%2C20.5.0%2CN%3Bfileman%2C20.5.0%2CN%3Bseo%2C20.0.400%2CN%3Blanding%2C20.4.850%2CN%3Bnsandrey.emptyinstall%2C1.0.5%2CN%3Bhighloadblock%2C20.100.0%2CN%3Baltasib.feedback%2C3.1.1%2CN%3Bmessageservice%2C20.100.0%2CN%3Biblock%2C20.0.1150%2CN%3Bb24connector%2C20.5.0%2CN%3Bsocialservices%2C20.0.500%2CN%3Brest%2C20.50.150%2CN%3Bclouds%2C20.100.0%2CN%3Bui%2C20.5.887%2CN%3Bbitrix.sitecorporate%2C15.5.0%2CN%3Bbitrixcloud%2C20.5.0%2CN&reqm=nsandrey.emptyinstall%2Caltasib.feedback%2Cbitrix.sitecorporate&fullmoduleinfo=Y&SUPD_SRS=RU&SUPD_CMP=N
2021-08-27 09:27:19 -  - exec CUpdateClientPartner::GetHTTPPage
2021-08-27 09:27:20 -  - TIME GetUpdatesList(request) 0.224 sec
2021-08-27 09:27:20 -  - exec CUpdateClientPartner::ParseServerData
2021-08-27 09:27:20 -  - exec CUpdateClientPartner::__CollectRequestData
2021-08-27 09:27:20 -  - exec CUpdateClientPartner::GetHTTPPage
2021-08-27 09:27:20 -  - exec CUpdateClientPartner::ParseServerData
2021-08-31 13:16:56 -  - exec CUpdateClientPartner::__CollectRequestData
2021-08-31 13:16:56 -  - exec CUpdateClientPartner::GetHTTPPage
2021-08-31 13:16:57 -  - exec CUpdateClientPartner::ParseServerData
2021-08-31 13:16:57 -  - exec CUpdateClientPartner::GetUpdatesList
2021-08-31 13:16:57 -  - exec CUpdateClientPartner::__CollectRequestData
2021-08-31 13:16:57 -  - utf=Y&lang=ru&stable=Y&CANGZIP=Y&SUPD_DBS=MYSQL&XE=N&CLIENT_SITE=predgorye.ru&LICENSE_KEY=X&SUPD_STS=1&SUPD_URS=0&SUPD_URSA=1&TYPENC=E&CLIENT_PHPVER=7.3.26&NGINX=Y&dbv=5.7.27&instm=main%2C20.200.300%2CN%3Btranslate%2C20.100.0%2CN%3Bperfmon%2C20.100.0%2CN%3Bsearch%2C20.5.0%2CN%3Bfileman%2C20.5.0%2CN%3Bseo%2C20.0.400%2CN%3Blanding%2C20.4.850%2CN%3Bnsandrey.emptyinstall%2C1.0.5%2CN%3Bhighloadblock%2C20.100.0%2CN%3Baltasib.feedback%2C3.1.1%2CN%3Bmessageservice%2C20.100.0%2CN%3Biblock%2C20.0.1150%2CN%3Bb24connector%2C20.5.0%2CN%3Bsocialservices%2C20.0.500%2CN%3Brest%2C20.50.150%2CN%3Bclouds%2C20.100.0%2CN%3Bui%2C20.5.887%2CN%3Bbitrix.sitecorporate%2C15.5.0%2CN%3Bbitrixcloud%2C20.5.0%2CN&reqm=nsandrey.emptyinstall%2Caltasib.feedback%2Cbitrix.sitecorporate&fullmoduleinfo=Y&SUPD_SRS=RU&SUPD_CMP=N
2021-08-31 13:16:57 -  - exec CUpdateClientPartner::GetHTTPPage
2021-08-31 13:16:57 -  - TIME GetUpdatesList(request) 0.232 sec
2021-08-31 13:16:57 -  - exec CUpdateClientPartner::ParseServerData
2021-08-31 13:16:57 -  - exec CUpdateClientPartner::__CollectRequestData
2021-08-31 13:16:57 -  - exec CUpdateClientPartner::GetHTTPPage
2021-08-31 13:16:57 -  - exec CUpdateClientPartner::ParseServerData
2021-08-31 15:58:33 -  - exec CUpdateClientPartner::GetUpdatesList
2021-08-31 15:58:33 -  - exec CUpdateClientPartner::__CollectRequestData
2021-08-31 15:58:33 -  - utf=Y&lang=ru&stable=Y&CANGZIP=Y&SUPD_DBS=MYSQL&XE=N&CLIENT_SITE=predgorye.ru&LICENSE_KEY=X&SUPD_STS=1&SUPD_URS=0&SUPD_URSA=1&TYPENC=E&CLIENT_PHPVER=7.3.26&NGINX=Y&dbv=5.7.27&instm=main%2C20.200.300%2CN%3Btranslate%2C20.100.0%2CN%3Bperfmon%2C20.100.0%2CN%3Bsearch%2C20.5.0%2CN%3Bfileman%2C20.5.0%2CN%3Bseo%2C20.0.400%2CN%3Blanding%2C20.4.850%2CN%3Bnsandrey.emptyinstall%2C1.0.5%2CN%3Bhighloadblock%2C20.100.0%2CN%3Baltasib.feedback%2C3.1.1%2CN%3Bmessageservice%2C20.100.0%2CN%3Biblock%2C20.0.1150%2CN%3Bb24connector%2C20.5.0%2CN%3Bsocialservices%2C20.0.500%2CN%3Brest%2C20.50.150%2CN%3Bclouds%2C20.100.0%2CN%3Bui%2C20.5.887%2CN%3Bbitrix.sitecorporate%2C15.5.0%2CN%3Bbitrixcloud%2C20.5.0%2CN&reqm=nsandrey.emptyinstall%2Caltasib.feedback%2Cbitrix.sitecorporate&fullmoduleinfo=Y&SUPD_SRS=RU&SUPD_CMP=N
2021-08-31 15:58:33 -  - exec CUpdateClientPartner::GetHTTPPage
2021-08-31 15:58:33 -  - TIME GetUpdatesList(request) 0.285 sec
2021-08-31 15:58:33 -  - exec CUpdateClientPartner::ParseServerData
