2021-08-19 14:43:02 -  - exec CUpdateClient::GetUpdatesList
2021-08-19 14:43:02 -  - exec CUpdateClient::CollectRequestData
2021-08-19 14:43:02 -  - LICENSE_KEY=X&lang=ru&SUPD_VER=20.200.260&VERSION=20.200.300&TYPENC=D&SUPD_STS=1&SUPD_URS=0&SUPD_DBS=MYSQL&XE=N&CLIENT_SITE=predgorye.ru&CHHB=predgorye.ru&CSAB=127.0.0.1&SUID=cab4d531f8babeb72becff0a7a47255b&CANGZIP=Y&CLIENT_PHPVER=7.3.26&stable=Y&mbfo=0&NGINX=Y&SMD=N&rerere=Y&bitm_main=20.200.300&bitm_translate=20.100.0&bitm_perfmon=20.100.0&bitm_search=20.5.0&bitm_fileman=20.5.0&bitm_seo=20.0.400&bitm_landing=20.4.850&bitm_highloadblock=20.100.0&bitm_messageservice=20.100.0&bitm_iblock=20.0.1150&bitm_b24connector=20.5.0&bitm_socialservices=20.0.500&bitm_rest=20.50.150&bitm_clouds=20.100.0&bitm_ui=20.5.887&bitm_bitrixcloud=20.5.0&bitl_en=&bitl_ru=&SUPD_SRS=RU&SUPD_CMP=N&SALE_15=Y&LICENSE_SIGNED=%7Enew_license18_0_sign-N
2021-08-19 14:43:02 -  - exec CUpdateClient::GetHTTPPage
2021-08-19 14:43:02 -  - TIME GetUpdatesList(request) 0.16 sec
2021-08-19 14:43:02 -  - exec CUpdateClient::ParseServerData
2021-08-19 14:43:40 -  - exec CUpdateClient::GetUpdatesList
2021-08-19 14:43:40 -  - exec CUpdateClient::CollectRequestData
2021-08-19 14:43:40 -  - LICENSE_KEY=X&lang=ru&SUPD_VER=20.200.260&VERSION=20.200.300&TYPENC=D&SUPD_STS=1&SUPD_URS=0&SUPD_DBS=MYSQL&XE=N&CLIENT_SITE=predgorye.ru&CHHB=predgorye.ru&CSAB=127.0.0.1&SUID=cab4d531f8babeb72becff0a7a47255b&CANGZIP=Y&CLIENT_PHPVER=7.3.26&stable=Y&mbfo=0&NGINX=Y&SMD=N&rerere=Y&bitm_main=20.200.300&bitm_translate=20.100.0&bitm_perfmon=20.100.0&bitm_search=20.5.0&bitm_fileman=20.5.0&bitm_seo=20.0.400&bitm_landing=20.4.850&bitm_highloadblock=20.100.0&bitm_messageservice=20.100.0&bitm_iblock=20.0.1150&bitm_b24connector=20.5.0&bitm_socialservices=20.0.500&bitm_rest=20.50.150&bitm_clouds=20.100.0&bitm_ui=20.5.887&bitm_bitrixcloud=20.5.0&bitl_en=&bitl_ru=&SUPD_SRS=RU&SUPD_CMP=N&SALE_15=Y&LICENSE_SIGNED=%7Enew_license18_0_sign-N
2021-08-19 14:43:40 -  - exec CUpdateClient::GetHTTPPage
2021-08-19 14:43:40 -  - TIME GetUpdatesList(request) 0.177 sec
2021-08-19 14:43:40 -  - exec CUpdateClient::ParseServerData
2021-08-19 14:43:49 -  - exec CUpdateClient::GetUpdatesList
2021-08-19 14:43:49 -  - exec CUpdateClient::CollectRequestData
2021-08-19 14:43:49 -  - LICENSE_KEY=X&lang=ru&SUPD_VER=20.200.260&VERSION=20.200.300&TYPENC=D&SUPD_STS=1&SUPD_URS=0&SUPD_DBS=MYSQL&XE=N&CLIENT_SITE=predgorye.ru&CHHB=predgorye.ru&CSAB=127.0.0.1&SUID=cab4d531f8babeb72becff0a7a47255b&CANGZIP=Y&CLIENT_PHPVER=7.3.26&stable=Y&mbfo=0&NGINX=Y&SMD=N&rerere=Y&bitm_main=20.200.300&bitm_translate=20.100.0&bitm_perfmon=20.100.0&bitm_search=20.5.0&bitm_fileman=20.5.0&bitm_seo=20.0.400&bitm_landing=20.4.850&bitm_highloadblock=20.100.0&bitm_messageservice=20.100.0&bitm_iblock=20.0.1150&bitm_b24connector=20.5.0&bitm_socialservices=20.0.500&bitm_rest=20.50.150&bitm_clouds=20.100.0&bitm_ui=20.5.887&bitm_bitrixcloud=20.5.0&bitl_en=&bitl_ru=&SUPD_SRS=RU&SUPD_CMP=N&SALE_15=Y&LICENSE_SIGNED=%7Enew_license18_0_sign-N
2021-08-19 14:43:49 -  - exec CUpdateClient::GetHTTPPage
2021-08-19 14:43:49 -  - TIME GetUpdatesList(request) 0.175 sec
2021-08-19 14:43:49 -  - exec CUpdateClient::ParseServerData
2021-08-19 14:43:55 -  - exec CUpdateClient::UpdateUpdate
2021-08-19 14:43:55 -  - exec CUpdateClient::CollectRequestData
2021-08-19 14:43:55 -  - LICENSE_KEY=X&lang=ru&SUPD_VER=20.200.260&VERSION=20.200.300&TYPENC=D&SUPD_STS=1&SUPD_URS=0&SUPD_DBS=MYSQL&XE=N&CLIENT_SITE=predgorye.ru&CHHB=predgorye.ru&CSAB=127.0.0.1&SUID=cab4d531f8babeb72becff0a7a47255b&CANGZIP=Y&CLIENT_PHPVER=7.3.26&stable=Y&mbfo=0&NGINX=Y&SMD=N&rerere=Y&bitm_main=20.200.300&bitm_translate=20.100.0&bitm_perfmon=20.100.0&bitm_search=20.5.0&bitm_fileman=20.5.0&bitm_seo=20.0.400&bitm_landing=20.4.850&bitm_highloadblock=20.100.0&bitm_messageservice=20.100.0&bitm_iblock=20.0.1150&bitm_b24connector=20.5.0&bitm_socialservices=20.0.500&bitm_rest=20.50.150&bitm_clouds=20.100.0&bitm_ui=20.5.887&bitm_bitrixcloud=20.5.0&bitl_en=&bitl_ru=&SUPD_SRS=RU&SUPD_CMP=N&SALE_15=Y&LICENSE_SIGNED=%7Enew_license18_0_sign-Y&query_type=updateupdate
2021-08-19 14:43:55 -  - exec CUpdateClient::GetHTTPPage
2021-08-19 14:43:56 -  - TIME UpdateUpdate(request) 0.634 sec
2021-08-19 14:43:56 -  - exec CUpdateClient::UnGzipArchive
2021-08-19 14:43:56 -  - TIME UnGzipArchive 0.014 sec
2021-08-19 14:43:56 -  - exec CUpdateClient::ParseServerData
2021-08-19 14:43:56 - CURV - Update updated successfully!
2021-08-19 14:43:56 - UPD_SUCCESS - Update system updated
2021-08-19 14:43:56 -  - exec CUpdateClient::GetUpdatesList
2021-08-19 14:43:56 -  - exec CUpdateClient::CollectRequestData
2021-08-19 14:43:56 -  - LICENSE_KEY=X&lang=ru&SUPD_VER=20.600.1&VERSION=20.200.300&TYPENC=D&SUPD_STS=1&SUPD_URS=0&SUPD_DBS=MYSQL&XE=N&CLIENT_SITE=predgorye.ru&CHHB=predgorye.ru&CSAB=127.0.0.1&SUID=cab4d531f8babeb72becff0a7a47255b&CANGZIP=Y&CLIENT_PHPVER=7.3.26&stable=Y&mbfo=0&NGINX=Y&SMD=N&rerere=Y&bitm_main=20.200.300&bitm_translate=20.100.0&bitm_perfmon=20.100.0&bitm_search=20.5.0&bitm_fileman=20.5.0&bitm_seo=20.0.400&bitm_landing=20.4.850&bitm_highloadblock=20.100.0&bitm_messageservice=20.100.0&bitm_iblock=20.0.1150&bitm_b24connector=20.5.0&bitm_socialservices=20.0.500&bitm_rest=20.50.150&bitm_clouds=20.100.0&bitm_ui=20.5.887&bitm_bitrixcloud=20.5.0&bitl_en=&bitl_ru=&SUPD_SRS=RU&SUPD_CMP=N&SALE_15=Y&LICENSE_SIGNED=%7Enew_license18_0_sign-Y
2021-08-19 14:43:56 -  - exec CUpdateClient::GetHTTPPage
2021-08-19 14:43:56 -  - TIME GetUpdatesList(request) 0.3 sec
2021-08-19 14:43:56 -  - exec CUpdateClient::ParseServerData
2021-08-19 14:49:44 -  - exec CUpdateClient::ActivateLicenseKey
2021-08-19 14:49:44 -  - exec CUpdateClient::CollectRequestData
2021-08-19 14:49:44 -  - LICENSE_KEY=X&lang=ru&SUPD_VER=20.600.1&VERSION=20.200.300&TYPENC=D&SUPD_STS=1&SUPD_URS=0&SUPD_DBS=MYSQL&XE=N&CLIENT_SITE=predgorye.ru&CHHB=predgorye.ru&CSAB=127.0.0.1&SUID=cab4d531f8babeb72becff0a7a47255b&CANGZIP=Y&CLIENT_PHPVER=7.3.26&stable=Y&mbfo=0&NGINX=Y&SMD=N&rerere=Y&bitm_main=20.200.300&bitm_translate=20.100.0&bitm_perfmon=20.100.0&bitm_search=20.5.0&bitm_fileman=20.5.0&bitm_seo=20.0.400&bitm_landing=20.4.850&bitm_highloadblock=20.100.0&bitm_messageservice=20.100.0&bitm_iblock=20.0.1150&bitm_b24connector=20.5.0&bitm_socialservices=20.0.500&bitm_rest=20.50.150&bitm_clouds=20.100.0&bitm_ui=20.5.887&bitm_bitrixcloud=20.5.0&bitl_en=&bitl_ru=&SUPD_SRS=RU&SUPD_CMP=N&SALE_15=Y&LICENSE_SIGNED=%7Enew_license18_0_sign-Y&query_type=activate
2021-08-19 14:49:44 -  - exec CUpdateClient::GetHTTPPage
2021-08-19 14:49:45 -  - TIME ActivateLicenseKey(request) 0.287 sec
2021-08-19 14:49:45 -  - exec CUpdateClient::ParseServerData
2021-08-19 14:49:45 - CUALK - License key activated successfully!
2021-08-19 14:49:45 - UPD_SUCCESS - Licence activated
2021-08-19 14:49:45 -  - exec CUpdateClient::GetUpdatesList
2021-08-19 14:49:45 -  - exec CUpdateClient::CollectRequestData
2021-08-19 14:49:45 -  - LICENSE_KEY=X&lang=ru&SUPD_VER=20.600.1&VERSION=20.200.300&TYPENC=D&SUPD_STS=1&SUPD_URS=0&SUPD_DBS=MYSQL&XE=N&CLIENT_SITE=predgorye.ru&CHHB=predgorye.ru&CSAB=127.0.0.1&SUID=cab4d531f8babeb72becff0a7a47255b&CANGZIP=Y&CLIENT_PHPVER=7.3.26&stable=Y&mbfo=0&NGINX=Y&SMD=N&rerere=Y&bitm_main=20.200.300&bitm_translate=20.100.0&bitm_perfmon=20.100.0&bitm_search=20.5.0&bitm_fileman=20.5.0&bitm_seo=20.0.400&bitm_landing=20.4.850&bitm_highloadblock=20.100.0&bitm_messageservice=20.100.0&bitm_iblock=20.0.1150&bitm_b24connector=20.5.0&bitm_socialservices=20.0.500&bitm_rest=20.50.150&bitm_clouds=20.100.0&bitm_ui=20.5.887&bitm_bitrixcloud=20.5.0&bitl_en=&bitl_ru=&SUPD_SRS=RU&SUPD_CMP=N&SALE_15=Y&LICENSE_SIGNED=%7Enew_license18_0_sign-Y
2021-08-19 14:49:45 -  - exec CUpdateClient::GetHTTPPage
2021-08-19 14:49:45 -  - TIME GetUpdatesList(request) 0.198 sec
2021-08-19 14:49:45 -  - exec CUpdateClient::ParseServerData
2021-08-19 14:49:56 -  - exec CUpdateClient::RegisterVersion
2021-08-19 14:49:56 -  - exec CUpdateClient::CollectRequestData
2021-08-19 14:49:56 -  - LICENSE_KEY=X&lang=ru&SUPD_VER=20.600.1&VERSION=20.200.300&TYPENC=D&SUPD_STS=1&SUPD_URS=0&SUPD_DBS=MYSQL&XE=N&CLIENT_SITE=predgorye.ru&CHHB=predgorye.ru&CSAB=127.0.0.1&SUID=cab4d531f8babeb72becff0a7a47255b&CANGZIP=Y&CLIENT_PHPVER=7.3.26&stable=Y&mbfo=0&NGINX=Y&SMD=N&rerere=Y&bitm_main=20.200.300&bitm_translate=20.100.0&bitm_perfmon=20.100.0&bitm_search=20.5.0&bitm_fileman=20.5.0&bitm_seo=20.0.400&bitm_landing=20.4.850&bitm_highloadblock=20.100.0&bitm_messageservice=20.100.0&bitm_iblock=20.0.1150&bitm_b24connector=20.5.0&bitm_socialservices=20.0.500&bitm_rest=20.50.150&bitm_clouds=20.100.0&bitm_ui=20.5.887&bitm_bitrixcloud=20.5.0&bitl_en=&bitl_ru=&SUPD_SRS=RU&SUPD_CMP=N&SALE_15=Y&LICENSE_SIGNED=%7Enew_license18_0_sign-Y&query_type=register
2021-08-19 14:49:56 -  - exec CUpdateClient::GetHTTPPage
2021-08-19 14:49:56 -  - TIME RegisterVersion(request) 0.166 sec
2021-08-19 14:49:56 -  - exec CUpdateClient::UnGzipArchive
2021-08-19 14:49:56 -  - TIME UnGzipArchive 0.001 sec
2021-08-19 14:49:56 -  - exec CUpdateClient::ParseServerData
2021-08-19 14:49:56 - CURV - Product registered successfully!
2021-08-19 14:49:56 - UPD_SUCCESS - Registered
2021-08-19 14:49:59 -  - exec CUpdateClient::GetUpdatesList
2021-08-19 14:49:59 -  - exec CUpdateClient::CollectRequestData
2021-08-19 14:49:59 -  - LICENSE_KEY=X&lang=ru&SUPD_VER=20.600.1&VERSION=20.200.300&TYPENC=E&SUPD_STS=1&SUPD_URS=0&SUPD_DBS=MYSQL&XE=N&CLIENT_SITE=predgorye.ru&CHHB=predgorye.ru&CSAB=127.0.0.1&SUID=cab4d531f8babeb72becff0a7a47255b&CANGZIP=Y&CLIENT_PHPVER=7.3.26&stable=Y&mbfo=0&NGINX=Y&SMD=N&rerere=Y&bitm_main=20.200.300&bitm_translate=20.100.0&bitm_perfmon=20.100.0&bitm_search=20.5.0&bitm_fileman=20.5.0&bitm_seo=20.0.400&bitm_landing=20.4.850&bitm_highloadblock=20.100.0&bitm_messageservice=20.100.0&bitm_iblock=20.0.1150&bitm_b24connector=20.5.0&bitm_socialservices=20.0.500&bitm_rest=20.50.150&bitm_clouds=20.100.0&bitm_ui=20.5.887&bitm_bitrixcloud=20.5.0&bitl_en=&bitl_ru=&SUPD_SRS=RU&SUPD_CMP=N&SALE_15=Y&LICENSE_SIGNED=%7Enew_license18_0_sign-Y
2021-08-19 14:49:59 -  - exec CUpdateClient::GetHTTPPage
2021-08-19 14:49:59 -  - TIME GetUpdatesList(request) 0.18 sec
2021-08-19 14:49:59 -  - exec CUpdateClient::ParseServerData
